#
# There is insufficient memory for the Java Runtime Environment to continue.
# Native memory allocation (malloc) failed to allocate 32744 bytes for ChunkPool::allocate
# Possible reasons:
#   The system is out of physical RAM or swap space
#   The process is running with CompressedOops enabled, and the Java Heap may be blocking the growth of the native heap
# Possible solutions:
#   Reduce memory load on the system
#   Increase physical memory or swap space
#   Check if swap backing store is full
#   Decrease Java heap size (-Xmx/-Xms)
#   Decrease number of Java threads
#   Decrease Java thread stack sizes (-Xss)
#   Set larger code cache with -XX:ReservedCodeCacheSize=
#   JVM is running with Unscaled Compressed Oops mode in which the Java heap is
#     placed in the first 4GB address space. The Java Heap base address is the
#     maximum limit for the native heap growth. Please use -XX:HeapBaseMinAddress
#     to set the Java Heap base and to place the Java Heap above 4GB virtual address.
# This output file may be truncated or incomplete.
#
#  Out of Memory Error (./open/src/hotspot/share/memory/arena.cpp:79), pid=17740, tid=5832
#
# JRE version: OpenJDK Runtime Environment (15.0.1+9) (build 15.0.1+9-18)
# Java VM: OpenJDK 64-Bit Server VM (15.0.1+9-18, mixed mode, sharing, tiered, compressed oops, g1 gc, windows-amd64)
# No core dump will be written. Minidumps are not enabled by default on client versions of Windows
#

---------------  S U M M A R Y ------------

Command Line: --add-modules=javafx.controls,javafx.fxml,javafx.media --module-path=C:\Users\Александра\.gradle\caches\modules-2\files-2.1\org.openjfx\javafx-fxml\15.0.1\5c36ae238f6d0d5782febed0af9a26defa7c0182\javafx-fxml-15.0.1-win.jar;C:\Users\Александра\.gradle\caches\modules-2\files-2.1\org.openjfx\javafx-media\15.0.1\6c5a6c684173baba1253798c8846234dbd3b0c6f\javafx-media-15.0.1-win.jar;C:\Users\Александра\.gradle\caches\modules-2\files-2.1\org.openjfx\javafx-controls\15.0.1\4df40eb93a7afd9ed3d7ccfee2701e9cb2215155\javafx-controls-15.0.1-win.jar;C:\Users\Александра\.gradle\caches\modules-2\files-2.1\org.openjfx\javafx-graphics\15.0.1\604e26ca8730f8d996b5c203532f85f4b62894fb\javafx-graphics-15.0.1-win.jar;C:\Users\Александра\.gradle\caches\modules-2\files-2.1\org.openjfx\javafx-base\15.0.1\49cf29d155e98c749fdeb517a97f79c6a9e8cb6a\javafx-base-15.0.1-win.jar -Dfile.encoding=windows-1251 -Duser.country=RU -Duser.language=ru -Duser.variant ru.volushkova.ugaday.GuessApplication

Host: Intel(R) Core(TM) i7-8565U CPU @ 1.80GHz, 8 cores, 7G,  Windows 10 , 64 bit Build 18362 (10.0.18362.1110)
Time: Sun Dec 27 15:40:15 2020 RTZ 2 (ceia) elapsed time: 18.001878 seconds (0d 0h 0m 18s)

---------------  T H R E A D  ---------------

Current thread (0x0000024622a623a0):  JavaThread "C2 CompilerThread1" daemon [_thread_in_native, id=5832, stack(0x00000099f5400000,0x00000099f5500000)]


Current CompileTask:
C2:  18001 3452       4       javafx.css.SimpleSelector::applies (54 bytes)

Stack: [0x00000099f5400000,0x00000099f5500000]
Native frames: (J=compiled Java code, j=interpreted, Vv=VM code, C=native code)
V  [jvm.dll+0x62ae9a]
V  [jvm.dll+0x781389]
V  [jvm.dll+0x782ae3]
V  [jvm.dll+0x783143]
V  [jvm.dll+0x216265]
V  [jvm.dll+0x9828f]
V  [jvm.dll+0x985dc]
V  [jvm.dll+0x60b06f]
V  [jvm.dll+0x6af0f4]
V  [jvm.dll+0x6af0c9]
V  [jvm.dll+0x6aedea]
V  [jvm.dll+0x6aec17]
V  [jvm.dll+0x55206c]
V  [jvm.dll+0x5410e5]
V  [jvm.dll+0x1f2c14]
V  [jvm.dll+0x1ec288]
V  [jvm.dll+0x1e97a7]
V  [jvm.dll+0x1784c7]
V  [jvm.dll+0x1f9165]
V  [jvm.dll+0x1f720c]
V  [jvm.dll+0x74485d]
V  [jvm.dll+0x73d65a]
V  [jvm.dll+0x629c56]
C  [ucrtbase.dll+0x210b2]
C  [KERNEL32.DLL+0x17c24]
C  [ntdll.dll+0x6d4d1]


---------------  P R O C E S S  ---------------

Threads class SMR info:
_java_thread_list=0x00000246223ece60, length=22, elements={
0x000002467f827e60, 0x0000024620535e10, 0x00000246205368f0, 0x000002462054e480,
0x0000024620551e60, 0x0000024620555e30, 0x0000024620558460, 0x000002462055e420,
0x0000024620568d40, 0x0000024620555960, 0x0000024620554af0, 0x00000246205567d0,
0x0000024620556300, 0x0000024620557170, 0x0000024620553c80, 0x0000024620554150,
0x0000024620554fc0, 0x00000246220ea0e0, 0x00000246220ea5b0, 0x00000246220ec290,
0x00000246220e9c10, 0x0000024622a623a0
}

Java Threads: ( => current thread )
  0x000002467f827e60 JavaThread "main" [_thread_blocked, id=11352, stack(0x00000099f2500000,0x00000099f2600000)]
  0x0000024620535e10 JavaThread "Reference Handler" daemon [_thread_blocked, id=4912, stack(0x00000099f2c00000,0x00000099f2d00000)]
  0x00000246205368f0 JavaThread "Finalizer" daemon [_thread_blocked, id=22048, stack(0x00000099f2d00000,0x00000099f2e00000)]
  0x000002462054e480 JavaThread "Signal Dispatcher" daemon [_thread_blocked, id=16908, stack(0x00000099f2e00000,0x00000099f2f00000)]
  0x0000024620551e60 JavaThread "Attach Listener" daemon [_thread_blocked, id=17896, stack(0x00000099f2f00000,0x00000099f3000000)]
  0x0000024620555e30 JavaThread "Service Thread" daemon [_thread_blocked, id=23264, stack(0x00000099f3000000,0x00000099f3100000)]
  0x0000024620558460 JavaThread "C2 CompilerThread0" daemon [_thread_in_native, id=7344, stack(0x00000099f3100000,0x00000099f3200000)]
  0x000002462055e420 JavaThread "C1 CompilerThread0" daemon [_thread_in_native, id=9524, stack(0x00000099f3200000,0x00000099f3300000)]
  0x0000024620568d40 JavaThread "Sweeper thread" daemon [_thread_blocked, id=17772, stack(0x00000099f3300000,0x00000099f3400000)]
  0x0000024620555960 JavaThread "Common-Cleaner" daemon [_thread_blocked, id=10720, stack(0x00000099f3400000,0x00000099f3500000)]
  0x0000024620554af0 JavaThread "Notification Thread" daemon [_thread_blocked, id=7812, stack(0x00000099f3700000,0x00000099f3800000)]
  0x00000246205567d0 JavaThread "QuantumRenderer-0" daemon [_thread_in_Java, id=9696, stack(0x00000099f3900000,0x00000099f3a00000)]
  0x0000024620556300 JavaThread "InvokeLaterDispatcher" daemon [_thread_blocked, id=19108, stack(0x00000099f3a00000,0x00000099f3b00000)]
  0x0000024620557170 JavaThread "JavaFX Application Thread" [_thread_blocked, id=14140, stack(0x00000099f3b00000,0x00000099f3c00000)]
  0x0000024620553c80 JavaThread "JavaFX-Launcher" [_thread_blocked, id=12852, stack(0x00000099f4000000,0x00000099f4100000)]
  0x0000024620554150 JavaThread "Thread-2" daemon [_thread_in_native, id=1156, stack(0x00000099f3f00000,0x00000099f4000000)]
  0x0000024620554fc0 JavaThread "Prism Font Disposer" daemon [_thread_blocked, id=6780, stack(0x00000099f4600000,0x00000099f4700000)]
  0x00000246220ea0e0 JavaThread "Cleaner-0" daemon [_thread_blocked, id=20660, stack(0x00000099f4c00000,0x00000099f4d00000)]
  0x00000246220ea5b0 JavaThread "Media Resource Disposer" daemon [_thread_blocked, id=20864, stack(0x00000099f5200000,0x00000099f5300000)]
  0x00000246220ec290 JavaThread "JFXMedia Player EventQueueThread" daemon [_thread_blocked, id=18080, stack(0x00000099f5100000,0x00000099f5200000)]
  0x00000246220e9c10 JavaThread "Timer-1" daemon [_thread_blocked, id=3892, stack(0x00000099f5b00000,0x00000099f5c00000)]
=>0x0000024622a623a0 JavaThread "C2 CompilerThread1" daemon [_thread_in_native, id=5832, stack(0x00000099f5400000,0x00000099f5500000)]

Other Threads:
  0x0000024620534680 VMThread "VM Thread" [stack: 0x00000099f2b00000,0x00000099f2c00000] [id=7328]
  0x00000246211ebea0 WatcherThread [stack: 0x00000099f3800000,0x00000099f3900000] [id=16960]
  0x000002467f867220 GCTaskThread "GC Thread#0" [stack: 0x00000099f2600000,0x00000099f2700000] [id=16024]
  0x0000024621d2ade0 GCTaskThread "GC Thread#1" [stack: 0x00000099f4100000,0x00000099f4200000] [id=9784]
  0x0000024621d2ca90 GCTaskThread "GC Thread#2" [stack: 0x00000099f4200000,0x00000099f4300000] [id=21816]
  0x0000024621d2c100 GCTaskThread "GC Thread#3" [stack: 0x00000099f4300000,0x00000099f4400000] [id=11848]
  0x0000024621d2c430 GCTaskThread "GC Thread#4" [stack: 0x00000099f4400000,0x00000099f4500000] [id=21716]
  0x0000024621d2cdc0 GCTaskThread "GC Thread#5" [stack: 0x00000099f4500000,0x00000099f4600000] [id=2896]
  0x000002467f877cc0 ConcurrentGCThread "G1 Main Marker" [stack: 0x00000099f2700000,0x00000099f2800000] [id=1616]
  0x000002467f8787c0 ConcurrentGCThread "G1 Conc#0" [stack: 0x00000099f2800000,0x00000099f2900000] [id=8872]
  0x000002467f8e21b0 ConcurrentGCThread "G1 Refine#0" [stack: 0x00000099f2900000,0x00000099f2a00000] [id=9296]
  0x000002467f8e2cc0 ConcurrentGCThread "G1 Young RemSet Sampling" [stack: 0x00000099f2a00000,0x00000099f2b00000] [id=16436]

Threads with active compile tasks:
C2 CompilerThread0    18037 3451       4       javafx.css.CompoundSelector::applies (144 bytes)
C1 CompilerThread0    18037 3530       3       javafx.scene.CssStyleHelper::lookupFont (1235 bytes)
C2 CompilerThread1    18037 3452       4       javafx.css.SimpleSelector::applies (54 bytes)

VM state: not at safepoint (normal execution)

VM Mutex/Monitor currently owned by a thread: None

Heap address: 0x0000000082e00000, size: 2002 MB, Compressed Oops mode: 32-bit
CDS archive(s) mapped at: [0x0000000800000000-0x0000000800b50000-0x0000000800b50000), size 11862016, SharedBaseAddress: 0x0000000800000000, ArchiveRelocationMode: 0.
Compressed class space mapped at: 0x0000000800b50000-0x0000000840b50000, size: 1073741824
Narrow klass base: 0x0000000800000000, Narrow klass shift: 3, Narrow klass range: 0x100000000

GC Precious Log:
 CPUs: 8 total, 8 available
 Memory: 8006M
 Large Page Support: Disabled
 NUMA Support: Disabled
 Compressed Oops: Enabled (32-bit)
 Heap Region Size: 1M
 Heap Min Capacity: 8M
 Heap Initial Capacity: 126M
 Heap Max Capacity: 2002M
 Pre-touch: Disabled
 Parallel Workers: 8
 Concurrent Workers: 2
 Concurrent Refinement Workers: 8
 Periodic GC: Disabled

Heap:
 garbage-first heap   total 129024K, used 57942K [0x0000000082e00000, 0x0000000100000000)
  region size 1024K, 48 young (49152K), 3 survivors (3072K)
 Metaspace       used 14870K, capacity 15860K, committed 15872K, reserved 1062912K
  class space    used 1914K, capacity 2038K, committed 2048K, reserved 1048576K

Heap Regions: E=young(eden), S=young(survivor), O=old, HS=humongous(starts), HC=humongous(continues), CS=collection set, F=free, OA=open archive, CA=closed archive, TAMS=top-at-mark-start (previous, next)
|   0|0x0000000082e00000, 0x0000000082f00000, 0x0000000082f00000|100%| O|  |TAMS 0x0000000082e00000, 0x0000000082e00000| Untracked 
|   1|0x0000000082f00000, 0x0000000083000000, 0x0000000083000000|100%|HS|  |TAMS 0x0000000082f00000, 0x0000000082f00000| Complete 
|   2|0x0000000083000000, 0x0000000083100000, 0x0000000083100000|100%| O|  |TAMS 0x0000000083000000, 0x0000000083000000| Untracked 
|   3|0x0000000083100000, 0x0000000083200000, 0x0000000083200000|100%| O|  |TAMS 0x0000000083100000, 0x0000000083100000| Untracked 
|   4|0x0000000083200000, 0x0000000083300000, 0x0000000083300000|100%| O|  |TAMS 0x0000000083200000, 0x0000000083200000| Untracked 
|   5|0x0000000083300000, 0x0000000083400000, 0x0000000083400000|100%|HS|  |TAMS 0x0000000083300000, 0x0000000083300000| Complete 
|   6|0x0000000083400000, 0x0000000083500000, 0x0000000083500000|100%|HC|  |TAMS 0x0000000083400000, 0x0000000083400000| Complete 
|   7|0x0000000083500000, 0x0000000083600000, 0x0000000083600000|100%| O|  |TAMS 0x0000000083500000, 0x0000000083500000| Untracked 
|   8|0x0000000083600000, 0x0000000083700000, 0x0000000083700000|100%| O|  |TAMS 0x0000000083600000, 0x0000000083600000| Untracked 
|   9|0x0000000083700000, 0x0000000083800000, 0x0000000083800000|100%| O|  |TAMS 0x0000000083700000, 0x0000000083700000| Untracked 
|  10|0x0000000083800000, 0x0000000083837400, 0x0000000083900000| 21%| O|  |TAMS 0x0000000083800000, 0x0000000083800000| Untracked 
|  11|0x0000000083900000, 0x0000000083900000, 0x0000000083a00000|  0%| F|  |TAMS 0x0000000083900000, 0x0000000083900000| Untracked 
|  12|0x0000000083a00000, 0x0000000083a00000, 0x0000000083b00000|  0%| F|  |TAMS 0x0000000083a00000, 0x0000000083a00000| Untracked 
|  13|0x0000000083b00000, 0x0000000083b00000, 0x0000000083c00000|  0%| F|  |TAMS 0x0000000083b00000, 0x0000000083b00000| Untracked 
|  14|0x0000000083c00000, 0x0000000083c00000, 0x0000000083d00000|  0%| F|  |TAMS 0x0000000083c00000, 0x0000000083c00000| Untracked 
|  15|0x0000000083d00000, 0x0000000083d00000, 0x0000000083e00000|  0%| F|  |TAMS 0x0000000083d00000, 0x0000000083d00000| Untracked 
|  16|0x0000000083e00000, 0x0000000083e00000, 0x0000000083f00000|  0%| F|  |TAMS 0x0000000083e00000, 0x0000000083e00000| Untracked 
|  17|0x0000000083f00000, 0x0000000083f00000, 0x0000000084000000|  0%| F|  |TAMS 0x0000000083f00000, 0x0000000083f00000| Untracked 
|  18|0x0000000084000000, 0x0000000084000000, 0x0000000084100000|  0%| F|  |TAMS 0x0000000084000000, 0x0000000084000000| Untracked 
|  19|0x0000000084100000, 0x0000000084100000, 0x0000000084200000|  0%| F|  |TAMS 0x0000000084100000, 0x0000000084100000| Untracked 
|  20|0x0000000084200000, 0x0000000084200000, 0x0000000084300000|  0%| F|  |TAMS 0x0000000084200000, 0x0000000084200000| Untracked 
|  21|0x0000000084300000, 0x0000000084300000, 0x0000000084400000|  0%| F|  |TAMS 0x0000000084300000, 0x0000000084300000| Untracked 
|  22|0x0000000084400000, 0x0000000084400000, 0x0000000084500000|  0%| F|  |TAMS 0x0000000084400000, 0x0000000084400000| Untracked 
|  23|0x0000000084500000, 0x0000000084500000, 0x0000000084600000|  0%| F|  |TAMS 0x0000000084500000, 0x0000000084500000| Untracked 
|  24|0x0000000084600000, 0x0000000084600000, 0x0000000084700000|  0%| F|  |TAMS 0x0000000084600000, 0x0000000084600000| Untracked 
|  25|0x0000000084700000, 0x0000000084700000, 0x0000000084800000|  0%| F|  |TAMS 0x0000000084700000, 0x0000000084700000| Untracked 
|  26|0x0000000084800000, 0x0000000084800000, 0x0000000084900000|  0%| F|  |TAMS 0x0000000084800000, 0x0000000084800000| Untracked 
|  27|0x0000000084900000, 0x0000000084900000, 0x0000000084a00000|  0%| F|  |TAMS 0x0000000084900000, 0x0000000084900000| Untracked 
|  28|0x0000000084a00000, 0x0000000084a00000, 0x0000000084b00000|  0%| F|  |TAMS 0x0000000084a00000, 0x0000000084a00000| Untracked 
|  29|0x0000000084b00000, 0x0000000084b00000, 0x0000000084c00000|  0%| F|  |TAMS 0x0000000084b00000, 0x0000000084b00000| Untracked 
|  30|0x0000000084c00000, 0x0000000084c00000, 0x0000000084d00000|  0%| F|  |TAMS 0x0000000084c00000, 0x0000000084c00000| Untracked 
|  31|0x0000000084d00000, 0x0000000084d00000, 0x0000000084e00000|  0%| F|  |TAMS 0x0000000084d00000, 0x0000000084d00000| Untracked 
|  32|0x0000000084e00000, 0x0000000084e00000, 0x0000000084f00000|  0%| F|  |TAMS 0x0000000084e00000, 0x0000000084e00000| Untracked 
|  33|0x0000000084f00000, 0x0000000084f00000, 0x0000000085000000|  0%| F|  |TAMS 0x0000000084f00000, 0x0000000084f00000| Untracked 
|  34|0x0000000085000000, 0x0000000085000000, 0x0000000085100000|  0%| F|  |TAMS 0x0000000085000000, 0x0000000085000000| Untracked 
|  35|0x0000000085100000, 0x0000000085100000, 0x0000000085200000|  0%| F|  |TAMS 0x0000000085100000, 0x0000000085100000| Untracked 
|  36|0x0000000085200000, 0x0000000085200000, 0x0000000085300000|  0%| F|  |TAMS 0x0000000085200000, 0x0000000085200000| Untracked 
|  37|0x0000000085300000, 0x0000000085300000, 0x0000000085400000|  0%| F|  |TAMS 0x0000000085300000, 0x0000000085300000| Untracked 
|  38|0x0000000085400000, 0x0000000085400000, 0x0000000085500000|  0%| F|  |TAMS 0x0000000085400000, 0x0000000085400000| Untracked 
|  39|0x0000000085500000, 0x0000000085500000, 0x0000000085600000|  0%| F|  |TAMS 0x0000000085500000, 0x0000000085500000| Untracked 
|  40|0x0000000085600000, 0x0000000085600000, 0x0000000085700000|  0%| F|  |TAMS 0x0000000085600000, 0x0000000085600000| Untracked 
|  41|0x0000000085700000, 0x0000000085700000, 0x0000000085800000|  0%| F|  |TAMS 0x0000000085700000, 0x0000000085700000| Untracked 
|  42|0x0000000085800000, 0x0000000085800000, 0x0000000085900000|  0%| F|  |TAMS 0x0000000085800000, 0x0000000085800000| Untracked 
|  43|0x0000000085900000, 0x0000000085900000, 0x0000000085a00000|  0%| F|  |TAMS 0x0000000085900000, 0x0000000085900000| Untracked 
|  44|0x0000000085a00000, 0x0000000085a00000, 0x0000000085b00000|  0%| F|  |TAMS 0x0000000085a00000, 0x0000000085a00000| Untracked 
|  45|0x0000000085b00000, 0x0000000085b00000, 0x0000000085c00000|  0%| F|  |TAMS 0x0000000085b00000, 0x0000000085b00000| Untracked 
|  46|0x0000000085c00000, 0x0000000085c00000, 0x0000000085d00000|  0%| F|  |TAMS 0x0000000085c00000, 0x0000000085c00000| Untracked 
|  47|0x0000000085d00000, 0x0000000085d00000, 0x0000000085e00000|  0%| F|  |TAMS 0x0000000085d00000, 0x0000000085d00000| Untracked 
|  48|0x0000000085e00000, 0x0000000085e5e498, 0x0000000085f00000| 36%| S|CS|TAMS 0x0000000085e00000, 0x0000000085e00000| Complete 
|  49|0x0000000085f00000, 0x0000000086000000, 0x0000000086000000|100%| S|CS|TAMS 0x0000000085f00000, 0x0000000085f00000| Complete 
|  50|0x0000000086000000, 0x0000000086100000, 0x0000000086100000|100%| S|CS|TAMS 0x0000000086000000, 0x0000000086000000| Complete 
|  51|0x0000000086100000, 0x0000000086100000, 0x0000000086200000|  0%| F|  |TAMS 0x0000000086100000, 0x0000000086100000| Untracked 
|  52|0x0000000086200000, 0x0000000086200000, 0x0000000086300000|  0%| F|  |TAMS 0x0000000086200000, 0x0000000086200000| Untracked 
|  53|0x0000000086300000, 0x0000000086300000, 0x0000000086400000|  0%| F|  |TAMS 0x0000000086300000, 0x0000000086300000| Untracked 
|  54|0x0000000086400000, 0x0000000086400000, 0x0000000086500000|  0%| F|  |TAMS 0x0000000086400000, 0x0000000086400000| Untracked 
|  55|0x0000000086500000, 0x0000000086500000, 0x0000000086600000|  0%| F|  |TAMS 0x0000000086500000, 0x0000000086500000| Untracked 
|  56|0x0000000086600000, 0x0000000086600000, 0x0000000086700000|  0%| F|  |TAMS 0x0000000086600000, 0x0000000086600000| Untracked 
|  57|0x0000000086700000, 0x0000000086700000, 0x0000000086800000|  0%| F|  |TAMS 0x0000000086700000, 0x0000000086700000| Untracked 
|  58|0x0000000086800000, 0x0000000086800000, 0x0000000086900000|  0%| F|  |TAMS 0x0000000086800000, 0x0000000086800000| Untracked 
|  59|0x0000000086900000, 0x0000000086900000, 0x0000000086a00000|  0%| F|  |TAMS 0x0000000086900000, 0x0000000086900000| Untracked 
|  60|0x0000000086a00000, 0x0000000086a00000, 0x0000000086b00000|  0%| F|  |TAMS 0x0000000086a00000, 0x0000000086a00000| Untracked 
|  61|0x0000000086b00000, 0x0000000086b00000, 0x0000000086c00000|  0%| F|  |TAMS 0x0000000086b00000, 0x0000000086b00000| Untracked 
|  62|0x0000000086c00000, 0x0000000086c00000, 0x0000000086d00000|  0%| F|  |TAMS 0x0000000086c00000, 0x0000000086c00000| Untracked 
|  63|0x0000000086d00000, 0x0000000086d00000, 0x0000000086e00000|  0%| F|  |TAMS 0x0000000086d00000, 0x0000000086d00000| Untracked 
|  64|0x0000000086e00000, 0x0000000086e00000, 0x0000000086f00000|  0%| F|  |TAMS 0x0000000086e00000, 0x0000000086e00000| Untracked 
|  65|0x0000000086f00000, 0x0000000086f00000, 0x0000000087000000|  0%| F|  |TAMS 0x0000000086f00000, 0x0000000086f00000| Untracked 
|  66|0x0000000087000000, 0x0000000087000000, 0x0000000087100000|  0%| F|  |TAMS 0x0000000087000000, 0x0000000087000000| Untracked 
|  67|0x0000000087100000, 0x0000000087100000, 0x0000000087200000|  0%| F|  |TAMS 0x0000000087100000, 0x0000000087100000| Untracked 
|  68|0x0000000087200000, 0x0000000087200000, 0x0000000087300000|  0%| F|  |TAMS 0x0000000087200000, 0x0000000087200000| Untracked 
|  69|0x0000000087300000, 0x0000000087300000, 0x0000000087400000|  0%| F|  |TAMS 0x0000000087300000, 0x0000000087300000| Untracked 
|  70|0x0000000087400000, 0x0000000087400000, 0x0000000087500000|  0%| F|  |TAMS 0x0000000087400000, 0x0000000087400000| Untracked 
|  71|0x0000000087500000, 0x0000000087500000, 0x0000000087600000|  0%| F|  |TAMS 0x0000000087500000, 0x0000000087500000| Untracked 
|  72|0x0000000087600000, 0x0000000087600000, 0x0000000087700000|  0%| F|  |TAMS 0x0000000087600000, 0x0000000087600000| Untracked 
|  73|0x0000000087700000, 0x0000000087700000, 0x0000000087800000|  0%| F|  |TAMS 0x0000000087700000, 0x0000000087700000| Untracked 
|  74|0x0000000087800000, 0x0000000087800000, 0x0000000087900000|  0%| F|  |TAMS 0x0000000087800000, 0x0000000087800000| Untracked 
|  75|0x0000000087900000, 0x0000000087900000, 0x0000000087a00000|  0%| F|  |TAMS 0x0000000087900000, 0x0000000087900000| Untracked 
|  76|0x0000000087a00000, 0x0000000087a00000, 0x0000000087b00000|  0%| F|  |TAMS 0x0000000087a00000, 0x0000000087a00000| Untracked 
|  77|0x0000000087b00000, 0x0000000087b00000, 0x0000000087c00000|  0%| F|  |TAMS 0x0000000087b00000, 0x0000000087b00000| Untracked 
|  78|0x0000000087c00000, 0x0000000087c00000, 0x0000000087d00000|  0%| F|  |TAMS 0x0000000087c00000, 0x0000000087c00000| Untracked 
|  79|0x0000000087d00000, 0x0000000087d00000, 0x0000000087e00000|  0%| F|  |TAMS 0x0000000087d00000, 0x0000000087d00000| Untracked 
|  80|0x0000000087e00000, 0x0000000087e00000, 0x0000000087f00000|  0%| F|  |TAMS 0x0000000087e00000, 0x0000000087e00000| Untracked 
|  81|0x0000000087f00000, 0x0000000087f6f9a0, 0x0000000088000000| 43%| E|  |TAMS 0x0000000087f00000, 0x0000000087f00000| Complete 
|  82|0x0000000088000000, 0x0000000088100000, 0x0000000088100000|100%| E|CS|TAMS 0x0000000088000000, 0x0000000088000000| Complete 
|  83|0x0000000088100000, 0x0000000088200000, 0x0000000088200000|100%| E|CS|TAMS 0x0000000088100000, 0x0000000088100000| Complete 
|  84|0x0000000088200000, 0x0000000088300000, 0x0000000088300000|100%| E|CS|TAMS 0x0000000088200000, 0x0000000088200000| Complete 
|  85|0x0000000088300000, 0x0000000088400000, 0x0000000088400000|100%| E|CS|TAMS 0x0000000088300000, 0x0000000088300000| Complete 
|  86|0x0000000088400000, 0x0000000088500000, 0x0000000088500000|100%| E|CS|TAMS 0x0000000088400000, 0x0000000088400000| Complete 
|  87|0x0000000088500000, 0x0000000088600000, 0x0000000088600000|100%| E|CS|TAMS 0x0000000088500000, 0x0000000088500000| Complete 
|  88|0x0000000088600000, 0x0000000088700000, 0x0000000088700000|100%| E|CS|TAMS 0x0000000088600000, 0x0000000088600000| Complete 
|  89|0x0000000088700000, 0x0000000088800000, 0x0000000088800000|100%| E|CS|TAMS 0x0000000088700000, 0x0000000088700000| Complete 
|  90|0x0000000088800000, 0x0000000088900000, 0x0000000088900000|100%| E|CS|TAMS 0x0000000088800000, 0x0000000088800000| Complete 
|  91|0x0000000088900000, 0x0000000088a00000, 0x0000000088a00000|100%| E|CS|TAMS 0x0000000088900000, 0x0000000088900000| Complete 
|  92|0x0000000088a00000, 0x0000000088b00000, 0x0000000088b00000|100%| E|CS|TAMS 0x0000000088a00000, 0x0000000088a00000| Complete 
|  93|0x0000000088b00000, 0x0000000088c00000, 0x0000000088c00000|100%| E|CS|TAMS 0x0000000088b00000, 0x0000000088b00000| Complete 
|  94|0x0000000088c00000, 0x0000000088d00000, 0x0000000088d00000|100%| E|CS|TAMS 0x0000000088c00000, 0x0000000088c00000| Complete 
|  95|0x0000000088d00000, 0x0000000088e00000, 0x0000000088e00000|100%| E|CS|TAMS 0x0000000088d00000, 0x0000000088d00000| Complete 
|  96|0x0000000088e00000, 0x0000000088f00000, 0x0000000088f00000|100%| E|CS|TAMS 0x0000000088e00000, 0x0000000088e00000| Complete 
|  97|0x0000000088f00000, 0x0000000089000000, 0x0000000089000000|100%| E|CS|TAMS 0x0000000088f00000, 0x0000000088f00000| Complete 
|  98|0x0000000089000000, 0x0000000089100000, 0x0000000089100000|100%| E|CS|TAMS 0x0000000089000000, 0x0000000089000000| Complete 
|  99|0x0000000089100000, 0x0000000089200000, 0x0000000089200000|100%| E|CS|TAMS 0x0000000089100000, 0x0000000089100000| Complete 
| 100|0x0000000089200000, 0x0000000089300000, 0x0000000089300000|100%| E|CS|TAMS 0x0000000089200000, 0x0000000089200000| Complete 
| 101|0x0000000089300000, 0x0000000089400000, 0x0000000089400000|100%| E|CS|TAMS 0x0000000089300000, 0x0000000089300000| Complete 
| 102|0x0000000089400000, 0x0000000089500000, 0x0000000089500000|100%| E|CS|TAMS 0x0000000089400000, 0x0000000089400000| Complete 
| 103|0x0000000089500000, 0x0000000089600000, 0x0000000089600000|100%| E|CS|TAMS 0x0000000089500000, 0x0000000089500000| Complete 
| 104|0x0000000089600000, 0x0000000089700000, 0x0000000089700000|100%| E|CS|TAMS 0x0000000089600000, 0x0000000089600000| Complete 
| 105|0x0000000089700000, 0x0000000089800000, 0x0000000089800000|100%| E|CS|TAMS 0x0000000089700000, 0x0000000089700000| Complete 
| 106|0x0000000089800000, 0x0000000089900000, 0x0000000089900000|100%| E|CS|TAMS 0x0000000089800000, 0x0000000089800000| Complete 
| 107|0x0000000089900000, 0x0000000089a00000, 0x0000000089a00000|100%| E|CS|TAMS 0x0000000089900000, 0x0000000089900000| Complete 
| 108|0x0000000089a00000, 0x0000000089b00000, 0x0000000089b00000|100%| E|CS|TAMS 0x0000000089a00000, 0x0000000089a00000| Complete 
| 109|0x0000000089b00000, 0x0000000089c00000, 0x0000000089c00000|100%| E|CS|TAMS 0x0000000089b00000, 0x0000000089b00000| Complete 
| 110|0x0000000089c00000, 0x0000000089d00000, 0x0000000089d00000|100%| E|CS|TAMS 0x0000000089c00000, 0x0000000089c00000| Complete 
| 111|0x0000000089d00000, 0x0000000089e00000, 0x0000000089e00000|100%| E|CS|TAMS 0x0000000089d00000, 0x0000000089d00000| Complete 
| 112|0x0000000089e00000, 0x0000000089f00000, 0x0000000089f00000|100%| E|CS|TAMS 0x0000000089e00000, 0x0000000089e00000| Complete 
| 113|0x0000000089f00000, 0x000000008a000000, 0x000000008a000000|100%| E|CS|TAMS 0x0000000089f00000, 0x0000000089f00000| Complete 
| 114|0x000000008a000000, 0x000000008a100000, 0x000000008a100000|100%| E|CS|TAMS 0x000000008a000000, 0x000000008a000000| Complete 
| 115|0x000000008a100000, 0x000000008a200000, 0x000000008a200000|100%| E|CS|TAMS 0x000000008a100000, 0x000000008a100000| Complete 
| 116|0x000000008a200000, 0x000000008a300000, 0x000000008a300000|100%| E|CS|TAMS 0x000000008a200000, 0x000000008a200000| Complete 
| 117|0x000000008a300000, 0x000000008a400000, 0x000000008a400000|100%| E|CS|TAMS 0x000000008a300000, 0x000000008a300000| Complete 
| 118|0x000000008a400000, 0x000000008a500000, 0x000000008a500000|100%| E|CS|TAMS 0x000000008a400000, 0x000000008a400000| Complete 
| 119|0x000000008a500000, 0x000000008a600000, 0x000000008a600000|100%| E|CS|TAMS 0x000000008a500000, 0x000000008a500000| Complete 
| 120|0x000000008a600000, 0x000000008a700000, 0x000000008a700000|100%| E|CS|TAMS 0x000000008a600000, 0x000000008a600000| Complete 
| 121|0x000000008a700000, 0x000000008a800000, 0x000000008a800000|100%| E|CS|TAMS 0x000000008a700000, 0x000000008a700000| Complete 
| 122|0x000000008a800000, 0x000000008a900000, 0x000000008a900000|100%| E|CS|TAMS 0x000000008a800000, 0x000000008a800000| Complete 
| 123|0x000000008a900000, 0x000000008aa00000, 0x000000008aa00000|100%| E|CS|TAMS 0x000000008a900000, 0x000000008a900000| Complete 
| 124|0x000000008aa00000, 0x000000008ab00000, 0x000000008ab00000|100%| E|CS|TAMS 0x000000008aa00000, 0x000000008aa00000| Complete 
| 125|0x000000008ab00000, 0x000000008ac00000, 0x000000008ac00000|100%| E|CS|TAMS 0x000000008ab00000, 0x000000008ab00000| Complete 

Card table byte_map: [0x00000246193f0000,0x00000246197e0000] _byte_map_base: 0x0000024618fd9000

Marking Bits (Prev, Next): (CMBitMap*) 0x000002467f867920, (CMBitMap*) 0x000002467f867960
 Prev Bits: [0x0000024619bd0000, 0x000002461bb18000)
 Next Bits: [0x000002461bb20000, 0x000002461da68000)

Polling page: 0x0000024601410000

Metaspace:

Usage:
  Non-class:     13.50 MB capacity,    12.65 MB ( 94%) used,   845.32 KB (  6%) free+waste,    20.13 KB ( <1%) overhead. 
      Class:      1.99 MB capacity,     1.87 MB ( 94%) used,   115.39 KB (  6%) free+waste,     8.19 KB ( <1%) overhead. 
       Both:     15.49 MB capacity,    14.52 MB ( 94%) used,   960.71 KB (  6%) free+waste,    28.31 KB ( <1%) overhead. 

Virtual space:
  Non-class space:       14.00 MB reserved,      13.50 MB ( 96%) committed 
      Class space:        1.00 GB reserved,       2.00 MB ( <1%) committed 
             Both:        1.01 GB reserved,      15.50 MB (  1%) committed 

Chunk freelists:
   Non-Class:  2.00 KB
       Class:  10.00 KB
        Both:  12.00 KB

MaxMetaspaceSize: 17179869184.00 GB
CompressedClassSpaceSize: 1.00 GB

CodeHeap 'non-profiled nmethods': size=120000Kb used=1596Kb max_used=1596Kb free=118403Kb
 bounds [0x0000024611050000, 0x00000246112c0000, 0x0000024618580000]
CodeHeap 'profiled nmethods': size=120000Kb used=6395Kb max_used=6395Kb free=113605Kb
 bounds [0x0000024609b20000, 0x000002460a160000, 0x0000024611050000]
CodeHeap 'non-nmethods': size=5760Kb used=1443Kb max_used=1494Kb free=4316Kb
 bounds [0x0000024609580000, 0x00000246097f0000, 0x0000024609b20000]
 total_blobs=4276 nmethods=3507 adapters=680
 compilation: enabled
              stopped_count=0, restarted_count=0
 full_count=0

Compilation events (20 events):
Event: 17.902 Thread 0x000002462055e420 3459       3       javafx.scene.Node::getId (22 bytes)
Event: 17.902 Thread 0x000002462055e420 nmethod 3459 0x000002460a12d790 code [0x000002460a12d940, 0x000002460a12dc68]
Event: 17.902 Thread 0x000002462055e420 3462       3       javafx.scene.Node::reapplyCss (174 bytes)
Event: 17.903 Thread 0x000002462055e420 nmethod 3462 0x000002460a12dd90 code [0x000002460a12e080, 0x000002460a12f728]
Event: 17.903 Thread 0x000002462055e420 3465       3       javafx.scene.CssStyleHelper::findFirstStyleableAncestor (50 bytes)
Event: 17.903 Thread 0x000002462055e420 nmethod 3465 0x000002460a12fb90 code [0x000002460a12fd80, 0x000002460a130458]
Event: 17.903 Thread 0x000002462055e420 3463       3       com.sun.javafx.css.StyleManager$StylesheetContainer::equals (59 bytes)
Event: 17.903 Thread 0x000002462055e420 nmethod 3463 0x000002460a130610 code [0x000002460a1307e0, 0x000002460a130c08]
Event: 17.904 Thread 0x000002462055e420 3466       3       com.sun.javafx.css.StyleClassSet::getT (6 bytes)
Event: 17.904 Thread 0x000002462055e420 nmethod 3466 0x000002460a130d90 code [0x000002460a130f40, 0x000002460a1310c8]
Event: 17.904 Thread 0x000002462055e420 3467       3       com.sun.javafx.css.StyleClassSet::getT (5 bytes)
Event: 17.904 Thread 0x000002462055e420 nmethod 3467 0x000002460a131190 code [0x000002460a131380, 0x000002460a131948]
Event: 17.904 Thread 0x000002462055e420 3468       3       com.sun.javafx.css.StyleClassSet::getStyleClass (32 bytes)
Event: 17.904 Thread 0x000002462055e420 nmethod 3468 0x000002460a131b90 code [0x000002460a131d80, 0x000002460a1322c8]
Event: 17.904 Thread 0x000002462055e420 3470       3       java.util.ArrayList::subList (20 bytes)
Event: 17.904 Thread 0x000002462055e420 nmethod 3470 0x000002460a132510 code [0x000002460a1326e0, 0x000002460a132aa8]
Event: 17.904 Thread 0x000002462055e420 3469       3       javafx.css.Rule::getDeclarations (27 bytes)
Event: 17.905 Thread 0x000002462055e420 nmethod 3469 0x000002460a132c10 code [0x000002460a132dc0, 0x000002460a133028]
Event: 17.905 Thread 0x000002462055e420 3471       3       java.util.ArrayList$SubList::<init> (35 bytes)
Event: 17.905 Thread 0x000002462055e420 nmethod 3471 0x000002460a133110 code [0x000002460a1332c0, 0x000002460a133578]

GC Heap History (16 events):
Event: 0.853 GC heap before
{Heap before GC invocations=0 (full 0):
 garbage-first heap   total 129024K, used 22528K [0x0000000082e00000, 0x0000000100000000)
  region size 1024K, 23 young (23552K), 0 survivors (0K)
 Metaspace       used 4906K, capacity 7321K, committed 7552K, reserved 1056768K
  class space    used 574K, capacity 797K, committed 896K, reserved 1048576K
}
Event: 0.860 GC heap after
{Heap after GC invocations=1 (full 0):
 garbage-first heap   total 129024K, used 3248K [0x0000000082e00000, 0x0000000100000000)
  region size 1024K, 3 young (3072K), 3 survivors (3072K)
 Metaspace       used 4906K, capacity 7321K, committed 7552K, reserved 1056768K
  class space    used 574K, capacity 797K, committed 896K, reserved 1048576K
}
Event: 1.679 GC heap before
{Heap before GC invocations=1 (full 0):
 garbage-first heap   total 129024K, used 36016K [0x0000000082e00000, 0x0000000100000000)
  region size 1024K, 34 young (34816K), 3 survivors (3072K)
 Metaspace       used 12118K, capacity 13468K, committed 13696K, reserved 1060864K
  class space    used 1699K, capacity 1841K, committed 1920K, reserved 1048576K
}
Event: 1.686 GC heap after
{Heap after GC invocations=2 (full 0):
 garbage-first heap   total 129024K, used 8610K [0x0000000082e00000, 0x0000000100000000)
  region size 1024K, 4 young (4096K), 4 survivors (4096K)
 Metaspace       used 12118K, capacity 13468K, committed 13696K, reserved 1060864K
  class space    used 1699K, capacity 1841K, committed 1920K, reserved 1048576K
}
Event: 7.428 GC heap before
{Heap before GC invocations=2 (full 0):
 garbage-first heap   total 129024K, used 72098K [0x0000000082e00000, 0x0000000100000000)
  region size 1024K, 65 young (66560K), 4 survivors (4096K)
 Metaspace       used 14467K, capacity 15476K, committed 15616K, reserved 1062912K
  class space    used 1902K, capacity 2038K, committed 2048K, reserved 1048576K
}
Event: 7.440 GC heap after
{Heap after GC invocations=3 (full 0):
 garbage-first heap   total 129024K, used 12313K [0x0000000082e00000, 0x0000000100000000)
  region size 1024K, 6 young (6144K), 6 survivors (6144K)
 Metaspace       used 14467K, capacity 15476K, committed 15616K, reserved 1062912K
  class space    used 1902K, capacity 2038K, committed 2048K, reserved 1048576K
}
Event: 8.796 GC heap before
{Heap before GC invocations=3 (full 0):
 garbage-first heap   total 129024K, used 82969K [0x0000000082e00000, 0x0000000100000000)
  region size 1024K, 75 young (76800K), 6 survivors (6144K)
 Metaspace       used 14483K, capacity 15540K, committed 15616K, reserved 1062912K
  class space    used 1902K, capacity 2038K, committed 2048K, reserved 1048576K
}
Event: 8.800 GC heap after
{Heap after GC invocations=4 (full 0):
 garbage-first heap   total 129024K, used 12648K [0x0000000082e00000, 0x0000000100000000)
  region size 1024K, 3 young (3072K), 3 survivors (3072K)
 Metaspace       used 14483K, capacity 15540K, committed 15616K, reserved 1062912K
  class space    used 1902K, capacity 2038K, committed 2048K, reserved 1048576K
}
Event: 10.195 GC heap before
{Heap before GC invocations=4 (full 0):
 garbage-first heap   total 129024K, used 86376K [0x0000000082e00000, 0x0000000100000000)
  region size 1024K, 75 young (76800K), 3 survivors (3072K)
 Metaspace       used 14514K, capacity 15540K, committed 15616K, reserved 1062912K
  class space    used 1905K, capacity 2038K, committed 2048K, reserved 1048576K
}
Event: 10.197 GC heap after
{Heap after GC invocations=5 (full 0):
 garbage-first heap   total 129024K, used 12236K [0x0000000082e00000, 0x0000000100000000)
  region size 1024K, 2 young (2048K), 2 survivors (2048K)
 Metaspace       used 14514K, capacity 15540K, committed 15616K, reserved 1062912K
  class space    used 1905K, capacity 2038K, committed 2048K, reserved 1048576K
}
Event: 15.359 GC heap before
{Heap before GC invocations=5 (full 0):
 garbage-first heap   total 129024K, used 86988K [0x0000000082e00000, 0x0000000100000000)
  region size 1024K, 75 young (76800K), 2 survivors (2048K)
 Metaspace       used 14764K, capacity 15732K, committed 15872K, reserved 1062912K
  class space    used 1910K, capacity 2038K, committed 2048K, reserved 1048576K
}
Event: 15.361 GC heap after
{Heap after GC invocations=6 (full 0):
 garbage-first heap   total 129024K, used 12804K [0x0000000082e00000, 0x0000000100000000)
  region size 1024K, 3 young (3072K), 3 survivors (3072K)
 Metaspace       used 14764K, capacity 15732K, committed 15872K, reserved 1062912K
  class space    used 1910K, capacity 2038K, committed 2048K, reserved 1048576K
}
Event: 15.664 GC heap before
{Heap before GC invocations=6 (full 0):
 garbage-first heap   total 129024K, used 86532K [0x0000000082e00000, 0x0000000100000000)
  region size 1024K, 75 young (76800K), 3 survivors (3072K)
 Metaspace       used 14764K, capacity 15732K, committed 15872K, reserved 1062912K
  class space    used 1910K, capacity 2038K, committed 2048K, reserved 1048576K
}
Event: 15.666 GC heap after
{Heap after GC invocations=7 (full 0):
 garbage-first heap   total 129024K, used 12877K [0x0000000082e00000, 0x0000000100000000)
  region size 1024K, 3 young (3072K), 3 survivors (3072K)
 Metaspace       used 14764K, capacity 15732K, committed 15872K, reserved 1062912K
  class space    used 1910K, capacity 2038K, committed 2048K, reserved 1048576K
}
Event: 17.005 GC heap before
{Heap before GC invocations=7 (full 0):
 garbage-first heap   total 129024K, used 86605K [0x0000000082e00000, 0x0000000100000000)
  region size 1024K, 75 young (76800K), 3 survivors (3072K)
 Metaspace       used 14765K, capacity 15732K, committed 15872K, reserved 1062912K
  class space    used 1910K, capacity 2038K, committed 2048K, reserved 1048576K
}
Event: 17.007 GC heap after
{Heap after GC invocations=8 (full 0):
 garbage-first heap   total 129024K, used 12886K [0x0000000082e00000, 0x0000000100000000)
  region size 1024K, 3 young (3072K), 3 survivors (3072K)
 Metaspace       used 14765K, capacity 15732K, committed 15872K, reserved 1062912K
  class space    used 1910K, capacity 2038K, committed 2048K, reserved 1048576K
}

Deoptimization events (20 events):
Event: 10.645 Thread 0x0000024620557170 DEOPT PACKING pc=0x0000024609d2734c sp=0x00000099f3bfcd70
Event: 10.645 Thread 0x0000024620557170 DEOPT UNPACKING pc=0x00000246095ce23f sp=0x00000099f3bfc200 mode 0
Event: 10.645 Thread 0x0000024620557170 DEOPT PACKING pc=0x0000024609d2734c sp=0x00000099f3bfcd70
Event: 10.645 Thread 0x0000024620557170 DEOPT UNPACKING pc=0x00000246095ce23f sp=0x00000099f3bfc200 mode 0
Event: 10.645 Thread 0x0000024620557170 DEOPT PACKING pc=0x0000024609d2734c sp=0x00000099f3bfcd70
Event: 10.645 Thread 0x0000024620557170 DEOPT UNPACKING pc=0x00000246095ce23f sp=0x00000099f3bfc200 mode 0
Event: 10.648 Thread 0x0000024620557170 DEOPT PACKING pc=0x0000024609d2734c sp=0x00000099f3bfcd70
Event: 10.648 Thread 0x0000024620557170 DEOPT UNPACKING pc=0x00000246095ce23f sp=0x00000099f3bfc200 mode 0
Event: 10.648 Thread 0x0000024620557170 DEOPT PACKING pc=0x0000024609d2734c sp=0x00000099f3bfcd70
Event: 10.648 Thread 0x0000024620557170 DEOPT UNPACKING pc=0x00000246095ce23f sp=0x00000099f3bfc200 mode 0
Event: 10.648 Thread 0x0000024620557170 DEOPT PACKING pc=0x0000024609d2734c sp=0x00000099f3bfcd70
Event: 10.648 Thread 0x0000024620557170 DEOPT UNPACKING pc=0x00000246095ce23f sp=0x00000099f3bfc200 mode 0
Event: 10.652 Thread 0x0000024620557170 DEOPT PACKING pc=0x0000024609d2734c sp=0x00000099f3bfcd70
Event: 10.652 Thread 0x0000024620557170 DEOPT UNPACKING pc=0x00000246095ce23f sp=0x00000099f3bfc200 mode 0
Event: 10.658 Thread 0x0000024620557170 DEOPT PACKING pc=0x0000024609d2734c sp=0x00000099f3bfcd70
Event: 10.658 Thread 0x0000024620557170 DEOPT UNPACKING pc=0x00000246095ce23f sp=0x00000099f3bfc200 mode 0
Event: 10.682 Thread 0x00000246205567d0 Uncommon trap: trap_request=0xffffff45 fr.pc=0x00000246111aa270 relative=0x0000000000000070
Event: 10.682 Thread 0x00000246205567d0 Uncommon trap: reason=unstable_if action=reinterpret pc=0x00000246111aa270 method=com.sun.javafx.font.CompositeStrike.getStrikeSlot(I)Lcom/sun/javafx/font/FontStrike; @ 8 c2
Event: 10.682 Thread 0x00000246205567d0 DEOPT PACKING pc=0x00000246111aa270 sp=0x00000099f39fe390
Event: 10.682 Thread 0x00000246205567d0 DEOPT UNPACKING pc=0x00000246095ce42f sp=0x00000099f39fe318 mode 2

Classes unloaded (0 events):
No events

Classes redefined (0 events):
No events

Internal exceptions (20 events):
Event: 0.967 Thread 0x0000024620557170 Exception <a 'java/lang/NoSuchMethodError'{0x000000008a728c70}: 'java.lang.Object java.lang.invoke.DirectMethodHandle$Holder.invokeStaticInit(java.lang.Object, java.lang.Object, java.lang.Object, java.lang.Object)'> (0x000000008a728c70) 
thrown [./open/src/hotspot/share/interpreter/linkResolver.cpp, line 782]
Event: 0.969 Thread 0x0000024620557170 Exception <a 'java/lang/NoSuchMethodError'{0x000000008a744cc8}: 'void java.lang.invoke.DirectMethodHandle$Holder.invokeSpecial(java.lang.Object, java.lang.Object, java.lang.Object, java.lang.Object, java.lang.Object)'> (0x000000008a744cc8) 
thrown [./open/src/hotspot/share/interpreter/linkResolver.cpp, line 782]
Event: 0.983 Thread 0x0000024620557170 Exception <a 'java/lang/NullPointerException'{0x000000008a673ad8}> (0x000000008a673ad8) 
thrown [./open/src/hotspot/share/interpreter/linkResolver.cpp, line 1374]
Event: 1.115 Thread 0x0000024620557170 Implicit null exception at 0x000002461107fc80 to 0x000002461107ff04
Event: 1.165 Thread 0x0000024620557170 Exception <a 'java/lang/NoSuchMethodError'{0x0000000089aa2ff8}: 'void java.lang.invoke.DirectMethodHandle$Holder.invokeSpecial(java.lang.Object, java.lang.Object, java.lang.Object, java.lang.Object, java.lang.Object, java.lang.Object)'> (0x0000000089aa2ff8) 
thrown [./open/src/hotspot/share/interpreter/linkResolver.cpp, line 782]
Event: 1.236 Thread 0x0000024620557170 Exception <a 'java/io/FileNotFoundException'{0x0000000089741470}> (0x0000000089741470) 
thrown [./open/src/hotspot/share/prims/jni.cpp, line 578]
Event: 1.258 Thread 0x0000024620557170 Implicit null exception at 0x00000246110bb70f to 0x00000246110bbb68
Event: 1.375 Thread 0x0000024620557170 Implicit null exception at 0x00000246110b948f to 0x00000246110b98c8
Event: 1.376 Thread 0x0000024620557170 Implicit null exception at 0x00000246110bb32f to 0x00000246110bb3a9
Event: 1.403 Thread 0x0000024620557170 Exception <a 'java/lang/NoSuchMethodError'{0x0000000088f9c7d8}: 'java.lang.Object java.lang.invoke.DirectMethodHandle$Holder.invokeInterface(java.lang.Object, java.lang.Object, java.lang.Object)'> (0x0000000088f9c7d8) 
thrown [./open/src/hotspot/share/interpreter/linkResolver.cpp, line 782]
Event: 1.403 Thread 0x0000024620557170 Exception <a 'java/lang/IncompatibleClassChangeError'{0x0000000088fa0358}: Found class java.lang.Object, but interface was expected> (0x0000000088fa0358) 
thrown [./open/src/hotspot/share/interpreter/linkResolver.cpp, line 848]
Event: 1.429 Thread 0x0000024620557170 Exception <a 'java/lang/NoSuchMethodError'{0x0000000088ec8438}: 'java.lang.Object java.lang.invoke.DirectMethodHandle$Holder.newInvokeSpecial(java.lang.Object, java.lang.Object, int)'> (0x0000000088ec8438) 
thrown [./open/src/hotspot/share/interpreter/linkResolver.cpp, line 782]
Event: 1.455 Thread 0x00000246205567d0 Exception <a 'java/lang/NoSuchMethodError'{0x0000000088d7ca70}: 'int java.lang.invoke.DirectMethodHandle$Holder.invokeStaticInit(java.lang.Object, java.lang.Object)'> (0x0000000088d7ca70) 
thrown [./open/src/hotspot/share/interpreter/linkResolver.cpp, line 782]
Event: 1.674 Thread 0x0000024620557170 Exception <a 'java/lang/NoSuchMethodError'{0x0000000088a28780}: 'long java.lang.invoke.DirectMethodHandle$Holder.invokeStatic(java.lang.Object, java.lang.Object, java.lang.Object)'> (0x0000000088a28780) 
thrown [./open/src/hotspot/share/interpreter/linkResolver.cpp, line 782]
Event: 1.674 Thread 0x0000024620557170 Exception <a 'java/lang/NoSuchMethodError'{0x0000000088a2c130}: 'long java.lang.invoke.DirectMethodHandle$Holder.invokeStaticInit(java.lang.Object, java.lang.Object, java.lang.Object)'> (0x0000000088a2c130) 
thrown [./open/src/hotspot/share/interpreter/linkResolver.cpp, line 782]
Event: 1.677 Thread 0x0000024620557170 Exception <a 'java/lang/NoSuchMethodError'{0x0000000088a44190}: 'java.lang.Object java.lang.invoke.DirectMethodHandle$Holder.newInvokeSpecial(java.lang.Object, java.lang.Object, long)'> (0x0000000088a44190) 
thrown [./open/src/hotspot/share/interpreter/linkResolver.cpp, line 782]
Event: 1.677 Thread 0x0000024620557170 Exception <a 'java/lang/NoSuchMethodError'{0x0000000088a47f00}: 'java.lang.Object java.lang.invoke.Invokers$Holder.linkToTargetMethod(java.lang.Object, long, java.lang.Object)'> (0x0000000088a47f00) 
thrown [./open/src/hotspot/share/interpreter/linkResolver.cpp, line 782]
Event: 3.184 Thread 0x0000024620557170 Exception <a 'java/io/FileNotFoundException'{0x000000008a7296b0}> (0x000000008a7296b0) 
thrown [./open/src/hotspot/share/prims/jni.cpp, line 578]
Event: 10.635 Thread 0x0000024620557170 Exception <a 'java/io/FileNotFoundException'{0x000000008a870070}> (0x000000008a870070) 
thrown [./open/src/hotspot/share/prims/jni.cpp, line 578]
Event: 17.890 Thread 0x0000024620557170 Exception <a 'java/io/FileNotFoundException'{0x000000008a961840}> (0x000000008a961840) 
thrown [./open/src/hotspot/share/prims/jni.cpp, line 578]

Events (20 events):
Event: 17.630 Thread 0x00000246220eaa80 Thread exited: 0x00000246220eaa80
Event: 17.630 Thread 0x00000246220eaa80 Thread added: 0x00000246220eaa80
Event: 17.630 Thread 0x00000246220eaa80 Thread exited: 0x00000246220eaa80
Event: 17.630 Thread 0x00000246220eaa80 Thread added: 0x00000246220eaa80
Event: 17.630 Thread 0x00000246220eaa80 Thread exited: 0x00000246220eaa80
Event: 17.630 Thread 0x00000246220ecc30 Thread added: 0x00000246220ecc30
Event: 17.630 Thread 0x00000246220ecc30 Thread exited: 0x00000246220ecc30
Event: 17.630 Thread 0x00000246220eb420 Thread added: 0x00000246220eb420
Event: 17.630 Thread 0x00000246220eb420 Thread exited: 0x00000246220eb420
Event: 17.630 Thread 0x00000246220ed100 Thread added: 0x00000246220ed100
Event: 17.630 Thread 0x00000246220ed100 Thread exited: 0x00000246220ed100
Event: 17.630 Thread 0x00000246220eb420 Thread added: 0x00000246220eb420
Event: 17.630 Thread 0x00000246220eb420 Thread exited: 0x00000246220eb420
Event: 17.630 Thread 0x00000246220eb420 Thread added: 0x00000246220eb420
Event: 17.630 Thread 0x00000246220eb420 Thread exited: 0x00000246220eb420
Event: 17.630 Thread 0x00000246220ec760 Thread added: 0x00000246220ec760
Event: 17.630 Thread 0x00000246220ec760 Thread exited: 0x00000246220ec760
Event: 17.888 Thread 0x00000246220ec760 Thread added: 0x00000246220ec760
Event: 17.888 Thread 0x00000246220ec760 Thread exited: 0x00000246220ec760
Event: 17.894 Thread 0x0000024622a623a0 Thread added: 0x0000024622a623a0


Dynamic libraries:
0x00007ff7084a0000 - 0x00007ff7084ad000 	C:\Users\Александра\.jdks\openjdk-15.0.1\bin\java.exe
0x00007fff14ea0000 - 0x00007fff15090000 	C:\WINDOWS\SYSTEM32\ntdll.dll
0x00007fff13f60000 - 0x00007fff14012000 	C:\WINDOWS\System32\KERNEL32.DLL
0x00007fff12c50000 - 0x00007fff12ef5000 	C:\WINDOWS\System32\KERNELBASE.dll
0x00007fff121a0000 - 0x00007fff1229a000 	C:\WINDOWS\System32\ucrtbase.dll
0x00007fff03be0000 - 0x00007fff03bf8000 	C:\Users\Александра\.jdks\openjdk-15.0.1\bin\jli.dll
0x00007fff009b0000 - 0x00007fff009c9000 	C:\Users\Александра\.jdks\openjdk-15.0.1\bin\VCRUNTIME140.dll
0x00007fff13dc0000 - 0x00007fff13f54000 	C:\WINDOWS\System32\USER32.dll
0x00007fff04270000 - 0x00007fff044f4000 	C:\WINDOWS\WinSxS\amd64_microsoft.windows.common-controls_6595b64144ccf1df_6.0.18362.1256_none_9e7e379be45e40e2\COMCTL32.dll
0x00007fff11f80000 - 0x00007fff11fa1000 	C:\WINDOWS\System32\win32u.dll
0x00007fff13270000 - 0x00007fff1330e000 	C:\WINDOWS\System32\msvcrt.dll
0x00007fff13ce0000 - 0x00007fff13d06000 	C:\WINDOWS\System32\GDI32.dll
0x00007fff11de0000 - 0x00007fff11f76000 	C:\WINDOWS\System32\gdi32full.dll
0x00007fff14af0000 - 0x00007fff14e26000 	C:\WINDOWS\System32\combase.dll
0x00007fff122a0000 - 0x00007fff1233e000 	C:\WINDOWS\System32\msvcp_win.dll
0x00007fff133c0000 - 0x00007fff134e0000 	C:\WINDOWS\System32\RPCRT4.dll
0x00007fff120c0000 - 0x00007fff12141000 	C:\WINDOWS\System32\bcryptPrimitives.dll
0x00007fff13a40000 - 0x00007fff13a6e000 	C:\WINDOWS\System32\IMM32.DLL
0x00007fff07a10000 - 0x00007fff07a1c000 	C:\Users\Александра\.jdks\openjdk-15.0.1\bin\vcruntime140_1.dll
0x00007ffed99d0000 - 0x00007ffed9a61000 	C:\Users\Александра\.jdks\openjdk-15.0.1\bin\msvcp140.dll
0x00007ffebfd40000 - 0x00007ffec089e000 	C:\Users\Александра\.jdks\openjdk-15.0.1\bin\server\jvm.dll
0x00007fff14a40000 - 0x00007fff14ae3000 	C:\WINDOWS\System32\ADVAPI32.dll
0x00007fff13a80000 - 0x00007fff13b17000 	C:\WINDOWS\System32\sechost.dll
0x00007fff139b0000 - 0x00007fff139b8000 	C:\WINDOWS\System32\PSAPI.DLL
0x00007fff039d0000 - 0x00007fff039d9000 	C:\WINDOWS\SYSTEM32\WSOCK32.dll
0x00007fff094f0000 - 0x00007fff09514000 	C:\WINDOWS\SYSTEM32\WINMM.dll
0x00007fff065c0000 - 0x00007fff065ca000 	C:\WINDOWS\SYSTEM32\VERSION.dll
0x00007fff142e0000 - 0x00007fff1434f000 	C:\WINDOWS\System32\WS2_32.dll
0x00007fff094c0000 - 0x00007fff094ed000 	C:\WINDOWS\SYSTEM32\WINMMBASE.dll
0x00007fff12150000 - 0x00007fff1219a000 	C:\WINDOWS\System32\cfgmgr32.dll
0x00007fff11dc0000 - 0x00007fff11dd1000 	C:\WINDOWS\System32\kernel.appcore.dll
0x00007ffef8eb0000 - 0x00007ffef8eba000 	C:\Users\Александра\.jdks\openjdk-15.0.1\bin\jimage.dll
0x00007fff0cd70000 - 0x00007fff0cf64000 	C:\WINDOWS\SYSTEM32\DBGHELP.DLL
0x00007ffefdfb0000 - 0x00007ffefdfda000 	C:\WINDOWS\SYSTEM32\dbgcore.DLL
0x00007ffee5590000 - 0x00007ffee55b5000 	C:\Users\Александра\.jdks\openjdk-15.0.1\bin\java.dll
0x00007fff14350000 - 0x00007fff14a37000 	C:\WINDOWS\System32\SHELL32.dll
0x00007fff13310000 - 0x00007fff133b9000 	C:\WINDOWS\System32\shcore.dll
0x00007fff124c0000 - 0x00007fff12c41000 	C:\WINDOWS\System32\windows.storage.dll
0x00007fff11d40000 - 0x00007fff11d63000 	C:\WINDOWS\System32\profapi.dll
0x00007fff11d70000 - 0x00007fff11dba000 	C:\WINDOWS\System32\powrprof.dll
0x00007fff11d10000 - 0x00007fff11d20000 	C:\WINDOWS\System32\UMPDC.dll
0x00007fff13060000 - 0x00007fff130b2000 	C:\WINDOWS\System32\shlwapi.dll
0x00007fff12f00000 - 0x00007fff12f17000 	C:\WINDOWS\System32\cryptsp.dll
0x00007ffee4a90000 - 0x00007ffee4aa9000 	C:\Users\Александра\.jdks\openjdk-15.0.1\bin\net.dll
0x00007fff099f0000 - 0x00007fff09ae0000 	C:\WINDOWS\SYSTEM32\WINHTTP.dll
0x00007fff11560000 - 0x00007fff115c7000 	C:\WINDOWS\system32\mswsock.dll
0x00007ffee4970000 - 0x00007ffee4982000 	C:\Users\Александра\.jdks\openjdk-15.0.1\bin\nio.dll
0x00007ffee4950000 - 0x00007ffee4968000 	C:\Users\Александра\.jdks\openjdk-15.0.1\bin\zip.dll
0x0000024622a80000 - 0x0000024622a83000 	C:\Users\Александра\.openjfx\cache\15.0.1\api-ms-win-core-console-l1-1-0.dll
0x0000024622a90000 - 0x0000024622a93000 	C:\Users\Александра\.openjfx\cache\15.0.1\api-ms-win-core-console-l1-2-0.dll
0x0000024622aa0000 - 0x0000024622aa3000 	C:\Users\Александра\.openjfx\cache\15.0.1\api-ms-win-core-datetime-l1-1-0.dll
0x0000024622ab0000 - 0x0000024622ab3000 	C:\Users\Александра\.openjfx\cache\15.0.1\api-ms-win-core-debug-l1-1-0.dll
0x0000024622ac0000 - 0x0000024622ac3000 	C:\Users\Александра\.openjfx\cache\15.0.1\api-ms-win-core-errorhandling-l1-1-0.dll
0x0000024622ad0000 - 0x0000024622ad4000 	C:\Users\Александра\.openjfx\cache\15.0.1\api-ms-win-core-file-l1-1-0.dll
0x0000024622ae0000 - 0x0000024622ae3000 	C:\Users\Александра\.openjfx\cache\15.0.1\api-ms-win-core-file-l1-2-0.dll
0x0000024622af0000 - 0x0000024622af3000 	C:\Users\Александра\.openjfx\cache\15.0.1\api-ms-win-core-file-l2-1-0.dll
0x0000024622b00000 - 0x0000024622b03000 	C:\Users\Александра\.openjfx\cache\15.0.1\api-ms-win-core-handle-l1-1-0.dll
0x0000024622b10000 - 0x0000024622b13000 	C:\Users\Александра\.openjfx\cache\15.0.1\api-ms-win-core-heap-l1-1-0.dll
0x0000024622b20000 - 0x0000024622b23000 	C:\Users\Александра\.openjfx\cache\15.0.1\api-ms-win-core-interlocked-l1-1-0.dll
0x0000024622b30000 - 0x0000024622b33000 	C:\Users\Александра\.openjfx\cache\15.0.1\api-ms-win-core-libraryloader-l1-1-0.dll
0x0000024622b40000 - 0x0000024622b43000 	C:\Users\Александра\.openjfx\cache\15.0.1\api-ms-win-core-localization-l1-2-0.dll
0x0000024622b50000 - 0x0000024622b53000 	C:\Users\Александра\.openjfx\cache\15.0.1\api-ms-win-core-memory-l1-1-0.dll
0x0000024622b60000 - 0x0000024622b63000 	C:\Users\Александра\.openjfx\cache\15.0.1\api-ms-win-core-namedpipe-l1-1-0.dll
0x0000024622b70000 - 0x0000024622b73000 	C:\Users\Александра\.openjfx\cache\15.0.1\api-ms-win-core-processenvironment-l1-1-0.dll
0x0000024622b80000 - 0x0000024622b83000 	C:\Users\Александра\.openjfx\cache\15.0.1\api-ms-win-core-processthreads-l1-1-0.dll
0x0000024622b90000 - 0x0000024622b93000 	C:\Users\Александра\.openjfx\cache\15.0.1\api-ms-win-core-processthreads-l1-1-1.dll
0x0000024622ba0000 - 0x0000024622ba3000 	C:\Users\Александра\.openjfx\cache\15.0.1\api-ms-win-core-profile-l1-1-0.dll
0x0000024622bb0000 - 0x0000024622bb3000 	C:\Users\Александра\.openjfx\cache\15.0.1\api-ms-win-core-rtlsupport-l1-1-0.dll
0x0000024622bc0000 - 0x0000024622bc3000 	C:\Users\Александра\.openjfx\cache\15.0.1\api-ms-win-core-string-l1-1-0.dll
0x0000024622bd0000 - 0x0000024622bd3000 	C:\Users\Александра\.openjfx\cache\15.0.1\api-ms-win-core-synch-l1-1-0.dll
0x0000024622be0000 - 0x0000024622be3000 	C:\Users\Александра\.openjfx\cache\15.0.1\api-ms-win-core-synch-l1-2-0.dll
0x0000024622bf0000 - 0x0000024622bf3000 	C:\Users\Александра\.openjfx\cache\15.0.1\api-ms-win-core-sysinfo-l1-1-0.dll
0x0000024622c00000 - 0x0000024622c03000 	C:\Users\Александра\.openjfx\cache\15.0.1\api-ms-win-core-timezone-l1-1-0.dll
0x0000024622c10000 - 0x0000024622c13000 	C:\Users\Александра\.openjfx\cache\15.0.1\api-ms-win-core-util-l1-1-0.dll
0x0000024622c20000 - 0x0000024622c23000 	C:\Users\Александра\.openjfx\cache\15.0.1\api-ms-win-crt-conio-l1-1-0.dll
0x0000024622c30000 - 0x0000024622c34000 	C:\Users\Александра\.openjfx\cache\15.0.1\api-ms-win-crt-convert-l1-1-0.dll
0x0000024622c40000 - 0x0000024622c43000 	C:\Users\Александра\.openjfx\cache\15.0.1\api-ms-win-crt-environment-l1-1-0.dll
0x0000024622c50000 - 0x0000024622c53000 	C:\Users\Александра\.openjfx\cache\15.0.1\api-ms-win-crt-filesystem-l1-1-0.dll
0x0000024622c60000 - 0x0000024622c63000 	C:\Users\Александра\.openjfx\cache\15.0.1\api-ms-win-crt-heap-l1-1-0.dll
0x0000024622c70000 - 0x0000024622c73000 	C:\Users\Александра\.openjfx\cache\15.0.1\api-ms-win-crt-locale-l1-1-0.dll
0x0000024622c80000 - 0x0000024622c85000 	C:\Users\Александра\.openjfx\cache\15.0.1\api-ms-win-crt-math-l1-1-0.dll
0x0000024622c90000 - 0x0000024622c95000 	C:\Users\Александра\.openjfx\cache\15.0.1\api-ms-win-crt-multibyte-l1-1-0.dll
0x0000024622ca0000 - 0x0000024622cb0000 	C:\Users\Александра\.openjfx\cache\15.0.1\api-ms-win-crt-private-l1-1-0.dll
0x0000024622cb0000 - 0x0000024622cb3000 	C:\Users\Александра\.openjfx\cache\15.0.1\api-ms-win-crt-process-l1-1-0.dll
0x0000024622cc0000 - 0x0000024622cc4000 	C:\Users\Александра\.openjfx\cache\15.0.1\api-ms-win-crt-runtime-l1-1-0.dll
0x0000024622cd0000 - 0x0000024622cd4000 	C:\Users\Александра\.openjfx\cache\15.0.1\api-ms-win-crt-stdio-l1-1-0.dll
0x0000024622ce0000 - 0x0000024622ce4000 	C:\Users\Александра\.openjfx\cache\15.0.1\api-ms-win-crt-string-l1-1-0.dll
0x0000024622cf0000 - 0x0000024622cf3000 	C:\Users\Александра\.openjfx\cache\15.0.1\api-ms-win-crt-time-l1-1-0.dll
0x0000024622d00000 - 0x0000024622d03000 	C:\Users\Александра\.openjfx\cache\15.0.1\api-ms-win-crt-utility-l1-1-0.dll
0x00007ffed98d0000 - 0x00007ffed99cc000 	C:\Users\Александра\.openjfx\cache\15.0.1\ucrtbase.dll
0x00007fff03c30000 - 0x00007fff03c45000 	C:\Users\Александра\.openjfx\cache\15.0.1\vcruntime140.dll
0x00007ffedae90000 - 0x00007ffedaf2b000 	C:\Users\Александра\.openjfx\cache\15.0.1\msvcp140.dll
0x00007ffef4ff0000 - 0x00007ffef5013000 	C:\Users\Александра\.openjfx\cache\15.0.1\prism_d3d.dll
0x00007fff040a0000 - 0x00007fff04267000 	C:\WINDOWS\system32\d3d9.dll
0x00007fff0d300000 - 0x00007fff0d32d000 	C:\WINDOWS\SYSTEM32\dwmapi.dll
0x00007fff10950000 - 0x00007fff10970000 	C:\WINDOWS\SYSTEM32\dxcore.dll
0x00007fff0bf00000 - 0x00007fff0bf99000 	C:\WINDOWS\system32\uxtheme.dll
0x00007ffed1d10000 - 0x00007ffed1e73000 	C:\WINDOWS\System32\DriverStore\FileRepository\iigd_dch.inf_amd64_b2a136cee25b9cb8\igdumdim64.dll
0x00007ffe9f7d0000 - 0x00007ffea398f000 	C:\WINDOWS\System32\DriverStore\FileRepository\iigd_dch.inf_amd64_b2a136cee25b9cb8\igd9dxva64.dll
0x00007fff14180000 - 0x00007fff142d7000 	C:\WINDOWS\System32\ole32.dll
0x00007fff140b0000 - 0x00007fff14175000 	C:\WINDOWS\System32\OLEAUT32.dll
0x00007fff03cc0000 - 0x00007fff03e63000 	C:\WINDOWS\System32\DriverStore\FileRepository\iigd_dch.inf_amd64_b2a136cee25b9cb8\igdgmm64.dll
0x00007ffee4eb0000 - 0x00007ffee4ef5000 	C:\Users\Александра\.openjfx\cache\15.0.1\glass.dll
0x00007fff13bb0000 - 0x00007fff13c80000 	C:\WINDOWS\System32\COMDLG32.dll
0x00007fff12f20000 - 0x00007fff13055000 	C:\WINDOWS\System32\MSCTF.dll
0x00007fff00d60000 - 0x00007fff00d86000 	C:\WINDOWS\System32\DriverStore\FileRepository\iigd_dch.inf_amd64_b2a136cee25b9cb8\igdinfo64.dll
0x00007ffed2620000 - 0x00007ffed4a5d000 	C:\WINDOWS\System32\DriverStore\FileRepository\iigd_dch.inf_amd64_b2a136cee25b9cb8\igc64.dll
0x00007ffed97f0000 - 0x00007ffed988b000 	C:\Users\Александра\.openjfx\cache\15.0.1\glib-lite.dll
0x00007ffed7800000 - 0x00007ffed78e1000 	C:\Users\Александра\.openjfx\cache\15.0.1\gstreamer-lite.dll
0x00007ffed7d00000 - 0x00007ffed7d99000 	C:\WINDOWS\SYSTEM32\DSOUND.dll
0x00007ffeeb560000 - 0x00007ffeeb586000 	C:\Users\Александра\.openjfx\cache\15.0.1\jfxmedia.dll
0x00007fff00990000 - 0x00007fff009a4000 	C:\Users\Александра\.openjfx\cache\15.0.1\javafx_font.dll
0x00007ffee50d0000 - 0x00007ffee53ce000 	C:\WINDOWS\SYSTEM32\dwrite.dll
0x00007fff13d10000 - 0x00007fff13db2000 	C:\WINDOWS\System32\clbcatq.dll
0x00007fff06780000 - 0x00007fff0692f000 	C:\WINDOWS\SYSTEM32\WindowsCodecs.dll
0x00007ffefb770000 - 0x00007ffefb7aa000 	C:\WINDOWS\system32\dataexchange.dll
0x00007fff0aff0000 - 0x00007fff0b24b000 	C:\WINDOWS\system32\d3d11.dll
0x00007fff0b6b0000 - 0x00007fff0b88d000 	C:\WINDOWS\system32\dcomp.dll
0x00007fff109e0000 - 0x00007fff10acb000 	C:\WINDOWS\system32\dxgi.dll
0x00007fff0d090000 - 0x00007fff0d2f2000 	C:\WINDOWS\system32\twinapi.appcore.dll
0x00007fff0d5b0000 - 0x00007fff0d5d9000 	C:\WINDOWS\system32\RMCLIENT.dll
0x00007ffee4990000 - 0x00007ffee49c3000 	C:\Program Files\Common Files\Microsoft Shared\Ink\rtscom.dll
0x00007ffee45b0000 - 0x00007ffee464e000 	C:\WINDOWS\System32\TextInputFramework.dll
0x00007fff073a0000 - 0x00007fff076ca000 	C:\WINDOWS\System32\CoreUIComponents.dll
0x00007fff0bc00000 - 0x00007fff0bcd4000 	C:\WINDOWS\System32\CoreMessaging.dll
0x00007fff0c260000 - 0x00007fff0c3b3000 	C:\WINDOWS\SYSTEM32\wintypes.dll
0x00007fff10d50000 - 0x00007fff10d81000 	C:\WINDOWS\SYSTEM32\ntmarta.dll
0x00007ffefe860000 - 0x00007ffefeb07000 	C:\WINDOWS\System32\iertutil.dll

dbghelp: loaded successfully - version: 4.0.5 - missing functions: none
symbol engine: initialized successfully - sym options: 0x614 - pdb path: .;C:\Users\Александра\.jdks\openjdk-15.0.1\bin;C:\WINDOWS\SYSTEM32;C:\WINDOWS\WinSxS\amd64_microsoft.windows.common-controls_6595b64144ccf1df_6.0.18362.1256_none_9e7e379be45e40e2;C:\Users\Александра\.jdks\openjdk-15.0.1\bin\server;C:\Users\Александра\.openjfx\cache\15.0.1;C:\WINDOWS\System32\DriverStore\FileRepository\iigd_dch.inf_amd64_b2a136cee25b9cb8;C:\Program Files\Common Files\Microsoft Shared\Ink

VM Arguments:
jvm_args: --add-modules=javafx.controls,javafx.fxml,javafx.media --module-path=C:\Users\Александра\.gradle\caches\modules-2\files-2.1\org.openjfx\javafx-fxml\15.0.1\5c36ae238f6d0d5782febed0af9a26defa7c0182\javafx-fxml-15.0.1-win.jar;C:\Users\Александра\.gradle\caches\modules-2\files-2.1\org.openjfx\javafx-media\15.0.1\6c5a6c684173baba1253798c8846234dbd3b0c6f\javafx-media-15.0.1-win.jar;C:\Users\Александра\.gradle\caches\modules-2\files-2.1\org.openjfx\javafx-controls\15.0.1\4df40eb93a7afd9ed3d7ccfee2701e9cb2215155\javafx-controls-15.0.1-win.jar;C:\Users\Александра\.gradle\caches\modules-2\files-2.1\org.openjfx\javafx-graphics\15.0.1\604e26ca8730f8d996b5c203532f85f4b62894fb\javafx-graphics-15.0.1-win.jar;C:\Users\Александра\.gradle\caches\modules-2\files-2.1\org.openjfx\javafx-base\15.0.1\49cf29d155e98c749fdeb517a97f79c6a9e8cb6a\javafx-base-15.0.1-win.jar -Dfile.encoding=windows-1251 -Duser.country=RU -Duser.language=ru -Duser.variant 
java_command: ru.volushkova.ugaday.GuessApplication
java_class_path (initial): C:\ugaday\guessmelodyne\build\classes\java\main;C:\ugaday\guessmelodyne\build\resources\main;C:\Users\Александра\.gradle\caches\modules-2\files-2.1\org.openjfx\javafx-fxml\15.0.1\5c36ae238f6d0d5782febed0af9a26defa7c0182\javafx-fxml-15.0.1-win.jar;C:\Users\Александра\.gradle\caches\modules-2\files-2.1\org.openjfx\javafx-media\15.0.1\6c5a6c684173baba1253798c8846234dbd3b0c6f\javafx-media-15.0.1-win.jar;C:\Users\Александра\.gradle\caches\modules-2\files-2.1\org.openjfx\javafx-controls\15.0.1\4df40eb93a7afd9ed3d7ccfee2701e9cb2215155\javafx-controls-15.0.1-win.jar;C:\Users\Александра\.gradle\caches\modules-2\files-2.1\org.openjfx\javafx-controls\15.0.1\7e951231ff36d704e8cc8b112b71951c9ccbc15d\javafx-controls-15.0.1.jar;C:\Users\Александра\.gradle\caches\modules-2\files-2.1\org.openjfx\javafx-graphics\15.0.1\604e26ca8730f8d996b5c203532f85f4b62894fb\javafx-graphics-15.0.1-win.jar;C:\Users\Александра\.gradle\caches\modules-2\files-2.1\org.openjfx\javafx-graphics\15.0.1\55565f47d9d4e295f8bdeb8a6577e29b8bc29267\javafx-graphics-15.0.1.jar;C:\Users\Александра\.gradle\caches\modules-2\files-2.1\org.openjfx\javafx-base\15.0.1\49cf29d155e98c749fdeb517a97f79c6a9e8cb6a\javafx-base-15.0.1-win.jar;C:\Users\Александра\.gradle\caches\modules-2\files-2.1\org.openjfx\javafx-base\15.0.1\88d5d4ad546e17904516fd05be69243e54144af4\javafx-base-15.0.1.jar;C:\Users\Александра\.gradle\caches\modules-2\files-2.1\org.projectlombok\lombok\1.18.16\6dc192c7f93ec1853f70d59d8a6dcf94eb42866\lombok-1.18.16.jar
Launcher Type: SUN_STANDARD

[Global flags]
     intx CICompilerCount                          = 4                                         {product} {ergonomic}
     uint ConcGCThreads                            = 2                                         {product} {ergonomic}
     uint G1ConcRefinementThreads                  = 8                                         {product} {ergonomic}
   size_t G1HeapRegionSize                         = 1048576                                   {product} {ergonomic}
    uintx GCDrainStackTargetSize                   = 64                                        {product} {ergonomic}
   size_t InitialHeapSize                          = 132120576                                 {product} {ergonomic}
   size_t MarkStackSize                            = 4194304                                   {product} {ergonomic}
   size_t MaxHeapSize                              = 2099249152                                {product} {ergonomic}
   size_t MaxNewSize                               = 1259339776                                {product} {ergonomic}
   size_t MinHeapDeltaBytes                        = 1048576                                   {product} {ergonomic}
   size_t MinHeapSize                              = 8388608                                   {product} {ergonomic}
    uintx NonNMethodCodeHeapSize                   = 5839372                                {pd product} {ergonomic}
    uintx NonProfiledCodeHeapSize                  = 122909434                              {pd product} {ergonomic}
    uintx ProfiledCodeHeapSize                     = 122909434                              {pd product} {ergonomic}
    uintx ReservedCodeCacheSize                    = 251658240                              {pd product} {ergonomic}
     bool SegmentedCodeCache                       = true                                      {product} {ergonomic}
   size_t SoftMaxHeapSize                          = 2099249152                             {manageable} {ergonomic}
     bool UseCompressedClassPointers               = true                                 {lp64_product} {ergonomic}
     bool UseCompressedOops                        = true                                 {lp64_product} {ergonomic}
     bool UseG1GC                                  = true                                      {product} {ergonomic}
     bool UseLargePagesIndividualAllocation        = false                                  {pd product} {ergonomic}

Logging:
Log output configuration:
 #0: stdout all=warning uptime,level,tags
 #1: stderr all=off uptime,level,tags

Environment Variables:
PATH=C:\Windows\system32;C:\Windows;C:\Windows\System32\Wbem;C:\Windows\System32\WindowsPowerShell\v1.0\;C:\Windows\System32\OpenSSH\;C:\Program Files (x86)\NVIDIA Corporation\PhysX\Common;C:\Program Files\NVIDIA Corporation\NVIDIA NvDLISR;C:\Program Files\Intel\WiFi\bin\;C:\Program Files\Common Files\Intel\WirelessCommon\;C:\WINDOWS\system32;C:\WINDOWS;C:\WINDOWS\System32\Wbem;C:\WINDOWS\System32\WindowsPowerShell\v1.0\;C:\WINDOWS\System32\OpenSSH\;C:\Program Files\Git\cmd;C:\Program Files\TortoiseGit\bin;C:\Users\Александра\AppData\Local\Microsoft\WindowsApps;
USERNAME=Александра
OS=Windows_NT
PROCESSOR_IDENTIFIER=Intel64 Family 6 Model 142 Stepping 11, GenuineIntel



---------------  S Y S T E M  ---------------

OS:
 Windows 10 , 64 bit Build 18362 (10.0.18362.1110)
OS uptime: 7 days 2:13 hours

CPU: total 8 (initial active 8) (4 cores per cpu, 2 threads per core) family 6 model 142 stepping 11 microcode 0xb8, cmov, cx8, fxsr, mmx, sse, sse2, sse3, ssse3, sse4.1, sse4.2, popcnt, vzeroupper, avx, avx2, aes, clmul, erms, 3dnowpref, lzcnt, ht, tsc, tscinvbit, bmi1, bmi2, adx, fma, clflush, clflushopt

Memory: 4k page, system-wide physical 8006M (572M free)
TotalPageFile size 32582M (AvailPageFile size 1M)
current process WorkingSet (physical memory assigned to process): 210M, peak: 211M
current process commit charge ("private bytes"): 312M, peak: 317M

vm_info: OpenJDK 64-Bit Server VM (15.0.1+9-18) for windows-amd64 JRE (15.0.1+9-18), built on Sep 15 2020 14:39:31 by "mach5one" with unknown MS VC++:1925

END.
