#
# There is insufficient memory for the Java Runtime Environment to continue.
# Native memory allocation (malloc) failed to allocate 385408 bytes for Chunk::new
# Possible reasons:
#   The system is out of physical RAM or swap space
#   The process is running with CompressedOops enabled, and the Java Heap may be blocking the growth of the native heap
# Possible solutions:
#   Reduce memory load on the system
#   Increase physical memory or swap space
#   Check if swap backing store is full
#   Decrease Java heap size (-Xmx/-Xms)
#   Decrease number of Java threads
#   Decrease Java thread stack sizes (-Xss)
#   Set larger code cache with -XX:ReservedCodeCacheSize=
#   JVM is running with Unscaled Compressed Oops mode in which the Java heap is
#     placed in the first 4GB address space. The Java Heap base address is the
#     maximum limit for the native heap growth. Please use -XX:HeapBaseMinAddress
#     to set the Java Heap base and to place the Java Heap above 4GB virtual address.
# This output file may be truncated or incomplete.
#
#  Out of Memory Error (./open/src/hotspot/share/memory/arena.cpp:195), pid=18492, tid=10156
#
# JRE version: OpenJDK Runtime Environment (15.0.1+9) (build 15.0.1+9-18)
# Java VM: OpenJDK 64-Bit Server VM (15.0.1+9-18, mixed mode, sharing, tiered, compressed oops, g1 gc, windows-amd64)
# No core dump will be written. Minidumps are not enabled by default on client versions of Windows
#

---------------  S U M M A R Y ------------

Command Line: --add-modules=javafx.controls,javafx.fxml,javafx.media --module-path=C:\Users\Александра\.gradle\caches\modules-2\files-2.1\org.openjfx\javafx-fxml\15.0.1\5c36ae238f6d0d5782febed0af9a26defa7c0182\javafx-fxml-15.0.1-win.jar;C:\Users\Александра\.gradle\caches\modules-2\files-2.1\org.openjfx\javafx-media\15.0.1\6c5a6c684173baba1253798c8846234dbd3b0c6f\javafx-media-15.0.1-win.jar;C:\Users\Александра\.gradle\caches\modules-2\files-2.1\org.openjfx\javafx-controls\15.0.1\4df40eb93a7afd9ed3d7ccfee2701e9cb2215155\javafx-controls-15.0.1-win.jar;C:\Users\Александра\.gradle\caches\modules-2\files-2.1\org.openjfx\javafx-graphics\15.0.1\604e26ca8730f8d996b5c203532f85f4b62894fb\javafx-graphics-15.0.1-win.jar;C:\Users\Александра\.gradle\caches\modules-2\files-2.1\org.openjfx\javafx-base\15.0.1\49cf29d155e98c749fdeb517a97f79c6a9e8cb6a\javafx-base-15.0.1-win.jar -Dfile.encoding=windows-1251 -Duser.country=RU -Duser.language=ru -Duser.variant ru.volushkova.ugaday.GuessApplication

Host: Intel(R) Core(TM) i7-8565U CPU @ 1.80GHz, 8 cores, 7G,  Windows 10 , 64 bit Build 18362 (10.0.18362.1110)
Time: Sun Dec 27 15:37:45 2020 RTZ 2 (ceia) elapsed time: 16.809488 seconds (0d 0h 0m 16s)

---------------  T H R E A D  ---------------

Current thread (0x0000027da5b0ca40):  JavaThread "C2 CompilerThread0" daemon [_thread_in_native, id=10156, stack(0x000000a80e800000,0x000000a80e900000)]


Current CompileTask:
C2:  16809 3106       4       com.sun.javafx.css.StyleMap::getCascadingStyles (384 bytes)

Stack: [0x000000a80e800000,0x000000a80e900000]
Native frames: (J=compiled Java code, j=interpreted, Vv=VM code, C=native code)
V  [jvm.dll+0x62ae9a]
V  [jvm.dll+0x781389]
V  [jvm.dll+0x782ae3]
V  [jvm.dll+0x783143]
V  [jvm.dll+0x216265]
V  [jvm.dll+0x97efa]
V  [jvm.dll+0x985dc]
V  [jvm.dll+0x32e525]
V  [jvm.dll+0x18e2e1]
V  [jvm.dll+0x1ea762]
V  [jvm.dll+0x1e98ae]
V  [jvm.dll+0x1784c7]
V  [jvm.dll+0x1f9165]
V  [jvm.dll+0x1f720c]
V  [jvm.dll+0x74485d]
V  [jvm.dll+0x73d65a]
V  [jvm.dll+0x629c56]
C  [ucrtbase.dll+0x210b2]
C  [KERNEL32.DLL+0x17c24]
C  [ntdll.dll+0x6d4d1]


---------------  P R O C E S S  ---------------

Threads class SMR info:
_java_thread_list=0x0000027da6458dd0, length=22, elements={
0x0000027d87109720, 0x0000027da5ae5780, 0x0000027da5ae6160, 0x0000027da5b05080,
0x0000027da5b07950, 0x0000027da5b0a230, 0x0000027da5b0ca40, 0x0000027da5b19da0,
0x0000027da5b222c0, 0x0000027da6531b90, 0x0000027da6afad70, 0x0000027da76e6af0,
0x0000027da6e0c120, 0x0000027da6e09710, 0x0000027da7419950, 0x0000027da7419e20,
0x0000027da770d6e0, 0x0000027da770b060, 0x0000027da770ba00, 0x0000027da770e550,
0x0000027da696fdf0, 0x0000027da6971130
}

Java Threads: ( => current thread )
  0x0000027d87109720 JavaThread "main" [_thread_blocked, id=9716, stack(0x000000a80dc00000,0x000000a80dd00000)]
  0x0000027da5ae5780 JavaThread "Reference Handler" daemon [_thread_blocked, id=8252, stack(0x000000a80e300000,0x000000a80e400000)]
  0x0000027da5ae6160 JavaThread "Finalizer" daemon [_thread_blocked, id=3624, stack(0x000000a80e400000,0x000000a80e500000)]
  0x0000027da5b05080 JavaThread "Signal Dispatcher" daemon [_thread_blocked, id=13216, stack(0x000000a80e500000,0x000000a80e600000)]
  0x0000027da5b07950 JavaThread "Attach Listener" daemon [_thread_blocked, id=18740, stack(0x000000a80e600000,0x000000a80e700000)]
  0x0000027da5b0a230 JavaThread "Service Thread" daemon [_thread_blocked, id=12916, stack(0x000000a80e700000,0x000000a80e800000)]
=>0x0000027da5b0ca40 JavaThread "C2 CompilerThread0" daemon [_thread_in_native, id=10156, stack(0x000000a80e800000,0x000000a80e900000)]
  0x0000027da5b19da0 JavaThread "C1 CompilerThread0" daemon [_thread_blocked, id=11692, stack(0x000000a80e900000,0x000000a80ea00000)]
  0x0000027da5b222c0 JavaThread "Sweeper thread" daemon [_thread_blocked, id=19740, stack(0x000000a80ea00000,0x000000a80eb00000)]
  0x0000027da6531b90 JavaThread "Common-Cleaner" daemon [_thread_blocked, id=18992, stack(0x000000a80eb00000,0x000000a80ec00000)]
  0x0000027da6afad70 JavaThread "Notification Thread" daemon [_thread_blocked, id=5296, stack(0x000000a80ee00000,0x000000a80ef00000)]
  0x0000027da76e6af0 JavaThread "QuantumRenderer-0" daemon [_thread_blocked, id=3820, stack(0x000000a80ed00000,0x000000a80ee00000)]
  0x0000027da6e0c120 JavaThread "InvokeLaterDispatcher" daemon [_thread_blocked, id=22564, stack(0x000000a80ec00000,0x000000a80ed00000)]
  0x0000027da6e09710 JavaThread "JavaFX Application Thread" [_thread_in_native, id=16644, stack(0x000000a80f000000,0x000000a80f100000)]
  0x0000027da7419950 JavaThread "JavaFX-Launcher" [_thread_blocked, id=20700, stack(0x000000a80f600000,0x000000a80f700000)]
  0x0000027da7419e20 JavaThread "Thread-2" daemon [_thread_in_native, id=22056, stack(0x000000a80f500000,0x000000a80f600000)]
  0x0000027da770d6e0 JavaThread "Prism Font Disposer" daemon [_thread_blocked, id=19640, stack(0x000000a80ff00000,0x000000a810000000)]
  0x0000027da770b060 JavaThread "Cleaner-0" daemon [_thread_blocked, id=12664, stack(0x000000a810500000,0x000000a810600000)]
  0x0000027da770ba00 JavaThread "JFXMedia Player EventQueueThread" daemon [_thread_blocked, id=22668, stack(0x000000a810700000,0x000000a810800000)]
  0x0000027da770e550 JavaThread "Media Resource Disposer" daemon [_thread_blocked, id=12776, stack(0x000000a810c00000,0x000000a810d00000)]
  0x0000027da696fdf0 JavaThread "JFXMedia Player EventQueueThread" daemon [_thread_blocked, id=22256, stack(0x000000a811000000,0x000000a811100000)]
  0x0000027da6971130 JavaThread "Timer-1" daemon [_thread_blocked, id=10596, stack(0x000000a811400000,0x000000a811500000)]

Other Threads:
  0x0000027da5ae40f0 VMThread "VM Thread" [stack: 0x000000a80e200000,0x000000a80e300000] [id=1904]
  0x0000027da6b0f500 WatcherThread [stack: 0x000000a80ef00000,0x000000a80f000000] [id=22764]
  0x0000027d87149b40 GCTaskThread "GC Thread#0" [stack: 0x000000a80dd00000,0x000000a80de00000] [id=8420]
  0x0000027da7175750 GCTaskThread "GC Thread#1" [stack: 0x000000a80f700000,0x000000a80f800000] [id=22224]
  0x0000027da7176740 GCTaskThread "GC Thread#2" [stack: 0x000000a80f800000,0x000000a80f900000] [id=23196]
  0x0000027da7176a70 GCTaskThread "GC Thread#3" [stack: 0x000000a80f900000,0x000000a80fa00000] [id=16716]
  0x0000027da7174100 GCTaskThread "GC Thread#4" [stack: 0x000000a80fa00000,0x000000a80fb00000] [id=3448]
  0x0000027da7176da0 GCTaskThread "GC Thread#5" [stack: 0x000000a80fb00000,0x000000a80fc00000] [id=19864]
  0x0000027d8715a4e0 ConcurrentGCThread "G1 Main Marker" [stack: 0x000000a80de00000,0x000000a80df00000] [id=8176]
  0x0000027d8715aee0 ConcurrentGCThread "G1 Conc#0" [stack: 0x000000a80df00000,0x000000a80e000000] [id=3864]
  0x0000027d871c5e10 ConcurrentGCThread "G1 Refine#0" [stack: 0x000000a80e000000,0x000000a80e100000] [id=408]
  0x0000027d871c6820 ConcurrentGCThread "G1 Young RemSet Sampling" [stack: 0x000000a80e100000,0x000000a80e200000] [id=23080]

Threads with active compile tasks:
C2 CompilerThread0    16857 3106       4       com.sun.javafx.css.StyleMap::getCascadingStyles (384 bytes)

VM state: not at safepoint (normal execution)

VM Mutex/Monitor currently owned by a thread: None

Heap address: 0x0000000082e00000, size: 2002 MB, Compressed Oops mode: 32-bit
CDS archive(s) mapped at: [0x0000000800000000-0x0000000800b50000-0x0000000800b50000), size 11862016, SharedBaseAddress: 0x0000000800000000, ArchiveRelocationMode: 0.
Compressed class space mapped at: 0x0000000800b50000-0x0000000840b50000, size: 1073741824
Narrow klass base: 0x0000000800000000, Narrow klass shift: 3, Narrow klass range: 0x100000000

GC Precious Log:
 CPUs: 8 total, 8 available
 Memory: 8006M
 Large Page Support: Disabled
 NUMA Support: Disabled
 Compressed Oops: Enabled (32-bit)
 Heap Region Size: 1M
 Heap Min Capacity: 8M
 Heap Initial Capacity: 126M
 Heap Max Capacity: 2002M
 Pre-touch: Disabled
 Parallel Workers: 8
 Concurrent Workers: 2
 Concurrent Refinement Workers: 8
 Periodic GC: Disabled

Heap:
 garbage-first heap   total 129024K, used 27739K [0x0000000082e00000, 0x0000000100000000)
  region size 1024K, 22 young (22528K), 6 survivors (6144K)
 Metaspace       used 14454K, capacity 15476K, committed 15616K, reserved 1062912K
  class space    used 1909K, capacity 2038K, committed 2048K, reserved 1048576K

Heap Regions: E=young(eden), S=young(survivor), O=old, HS=humongous(starts), HC=humongous(continues), CS=collection set, F=free, OA=open archive, CA=closed archive, TAMS=top-at-mark-start (previous, next)
|   0|0x0000000082e00000, 0x0000000082f00000, 0x0000000082f00000|100%| O|  |TAMS 0x0000000082e00000, 0x0000000082e00000| Untracked 
|   1|0x0000000082f00000, 0x0000000083000000, 0x0000000083000000|100%|HS|  |TAMS 0x0000000082f00000, 0x0000000082f00000| Complete 
|   2|0x0000000083000000, 0x0000000083100000, 0x0000000083100000|100%| O|  |TAMS 0x0000000083000000, 0x0000000083000000| Untracked 
|   3|0x0000000083100000, 0x0000000083200000, 0x0000000083200000|100%| O|  |TAMS 0x0000000083100000, 0x0000000083100000| Untracked 
|   4|0x0000000083200000, 0x00000000832ae400, 0x0000000083300000| 68%| O|  |TAMS 0x0000000083200000, 0x0000000083200000| Untracked 
|   5|0x0000000083300000, 0x0000000083400000, 0x0000000083400000|100%|HS|  |TAMS 0x0000000083300000, 0x0000000083300000| Complete 
|   6|0x0000000083400000, 0x0000000083500000, 0x0000000083500000|100%|HC|  |TAMS 0x0000000083400000, 0x0000000083400000| Complete 
|   7|0x0000000083500000, 0x0000000083500000, 0x0000000083600000|  0%| F|  |TAMS 0x0000000083500000, 0x0000000083500000| Untracked 
|   8|0x0000000083600000, 0x0000000083600000, 0x0000000083700000|  0%| F|  |TAMS 0x0000000083600000, 0x0000000083600000| Untracked 
|   9|0x0000000083700000, 0x0000000083700000, 0x0000000083800000|  0%| F|  |TAMS 0x0000000083700000, 0x0000000083700000| Untracked 
|  10|0x0000000083800000, 0x0000000083800000, 0x0000000083900000|  0%| F|  |TAMS 0x0000000083800000, 0x0000000083800000| Untracked 
|  11|0x0000000083900000, 0x0000000083900000, 0x0000000083a00000|  0%| F|  |TAMS 0x0000000083900000, 0x0000000083900000| Untracked 
|  12|0x0000000083a00000, 0x0000000083a00000, 0x0000000083b00000|  0%| F|  |TAMS 0x0000000083a00000, 0x0000000083a00000| Untracked 
|  13|0x0000000083b00000, 0x0000000083b00000, 0x0000000083c00000|  0%| F|  |TAMS 0x0000000083b00000, 0x0000000083b00000| Untracked 
|  14|0x0000000083c00000, 0x0000000083c00000, 0x0000000083d00000|  0%| F|  |TAMS 0x0000000083c00000, 0x0000000083c00000| Untracked 
|  15|0x0000000083d00000, 0x0000000083d00000, 0x0000000083e00000|  0%| F|  |TAMS 0x0000000083d00000, 0x0000000083d00000| Untracked 
|  16|0x0000000083e00000, 0x0000000083e00000, 0x0000000083f00000|  0%| F|  |TAMS 0x0000000083e00000, 0x0000000083e00000| Untracked 
|  17|0x0000000083f00000, 0x0000000083f00000, 0x0000000084000000|  0%| F|  |TAMS 0x0000000083f00000, 0x0000000083f00000| Untracked 
|  18|0x0000000084000000, 0x0000000084000000, 0x0000000084100000|  0%| F|  |TAMS 0x0000000084000000, 0x0000000084000000| Untracked 
|  19|0x0000000084100000, 0x0000000084100000, 0x0000000084200000|  0%| F|  |TAMS 0x0000000084100000, 0x0000000084100000| Untracked 
|  20|0x0000000084200000, 0x0000000084200000, 0x0000000084300000|  0%| F|  |TAMS 0x0000000084200000, 0x0000000084200000| Untracked 
|  21|0x0000000084300000, 0x0000000084300000, 0x0000000084400000|  0%| F|  |TAMS 0x0000000084300000, 0x0000000084300000| Untracked 
|  22|0x0000000084400000, 0x0000000084400000, 0x0000000084500000|  0%| F|  |TAMS 0x0000000084400000, 0x0000000084400000| Untracked 
|  23|0x0000000084500000, 0x0000000084500000, 0x0000000084600000|  0%| F|  |TAMS 0x0000000084500000, 0x0000000084500000| Untracked 
|  24|0x0000000084600000, 0x0000000084600000, 0x0000000084700000|  0%| F|  |TAMS 0x0000000084600000, 0x0000000084600000| Untracked 
|  25|0x0000000084700000, 0x0000000084700000, 0x0000000084800000|  0%| F|  |TAMS 0x0000000084700000, 0x0000000084700000| Untracked 
|  26|0x0000000084800000, 0x0000000084800000, 0x0000000084900000|  0%| F|  |TAMS 0x0000000084800000, 0x0000000084800000| Untracked 
|  27|0x0000000084900000, 0x0000000084900000, 0x0000000084a00000|  0%| F|  |TAMS 0x0000000084900000, 0x0000000084900000| Untracked 
|  28|0x0000000084a00000, 0x0000000084a00000, 0x0000000084b00000|  0%| F|  |TAMS 0x0000000084a00000, 0x0000000084a00000| Untracked 
|  29|0x0000000084b00000, 0x0000000084b00000, 0x0000000084c00000|  0%| F|  |TAMS 0x0000000084b00000, 0x0000000084b00000| Untracked 
|  30|0x0000000084c00000, 0x0000000084c00000, 0x0000000084d00000|  0%| F|  |TAMS 0x0000000084c00000, 0x0000000084c00000| Untracked 
|  31|0x0000000084d00000, 0x0000000084d00000, 0x0000000084e00000|  0%| F|  |TAMS 0x0000000084d00000, 0x0000000084d00000| Untracked 
|  32|0x0000000084e00000, 0x0000000084e00000, 0x0000000084f00000|  0%| F|  |TAMS 0x0000000084e00000, 0x0000000084e00000| Untracked 
|  33|0x0000000084f00000, 0x0000000084f00000, 0x0000000085000000|  0%| F|  |TAMS 0x0000000084f00000, 0x0000000084f00000| Untracked 
|  34|0x0000000085000000, 0x0000000085000000, 0x0000000085100000|  0%| F|  |TAMS 0x0000000085000000, 0x0000000085000000| Untracked 
|  35|0x0000000085100000, 0x0000000085100000, 0x0000000085200000|  0%| F|  |TAMS 0x0000000085100000, 0x0000000085100000| Untracked 
|  36|0x0000000085200000, 0x0000000085200000, 0x0000000085300000|  0%| F|  |TAMS 0x0000000085200000, 0x0000000085200000| Untracked 
|  37|0x0000000085300000, 0x0000000085300000, 0x0000000085400000|  0%| F|  |TAMS 0x0000000085300000, 0x0000000085300000| Untracked 
|  38|0x0000000085400000, 0x0000000085400000, 0x0000000085500000|  0%| F|  |TAMS 0x0000000085400000, 0x0000000085400000| Untracked 
|  39|0x0000000085500000, 0x0000000085500000, 0x0000000085600000|  0%| F|  |TAMS 0x0000000085500000, 0x0000000085500000| Untracked 
|  40|0x0000000085600000, 0x0000000085600000, 0x0000000085700000|  0%| F|  |TAMS 0x0000000085600000, 0x0000000085600000| Untracked 
|  41|0x0000000085700000, 0x0000000085700000, 0x0000000085800000|  0%| F|  |TAMS 0x0000000085700000, 0x0000000085700000| Untracked 
|  42|0x0000000085800000, 0x0000000085800000, 0x0000000085900000|  0%| F|  |TAMS 0x0000000085800000, 0x0000000085800000| Untracked 
|  43|0x0000000085900000, 0x0000000085900000, 0x0000000085a00000|  0%| F|  |TAMS 0x0000000085900000, 0x0000000085900000| Untracked 
|  44|0x0000000085a00000, 0x0000000085a00000, 0x0000000085b00000|  0%| F|  |TAMS 0x0000000085a00000, 0x0000000085a00000| Untracked 
|  45|0x0000000085b00000, 0x0000000085b68958, 0x0000000085c00000| 40%| S|CS|TAMS 0x0000000085b00000, 0x0000000085b00000| Complete 
|  46|0x0000000085c00000, 0x0000000085d00000, 0x0000000085d00000|100%| S|CS|TAMS 0x0000000085c00000, 0x0000000085c00000| Complete 
|  47|0x0000000085d00000, 0x0000000085e00000, 0x0000000085e00000|100%| S|CS|TAMS 0x0000000085d00000, 0x0000000085d00000| Complete 
|  48|0x0000000085e00000, 0x0000000085f00000, 0x0000000085f00000|100%| S|CS|TAMS 0x0000000085e00000, 0x0000000085e00000| Complete 
|  49|0x0000000085f00000, 0x0000000086000000, 0x0000000086000000|100%| S|CS|TAMS 0x0000000085f00000, 0x0000000085f00000| Complete 
|  50|0x0000000086000000, 0x0000000086100000, 0x0000000086100000|100%| S|CS|TAMS 0x0000000086000000, 0x0000000086000000| Complete 
|  51|0x0000000086100000, 0x0000000086100000, 0x0000000086200000|  0%| F|  |TAMS 0x0000000086100000, 0x0000000086100000| Untracked 
|  52|0x0000000086200000, 0x0000000086200000, 0x0000000086300000|  0%| F|  |TAMS 0x0000000086200000, 0x0000000086200000| Untracked 
|  53|0x0000000086300000, 0x0000000086300000, 0x0000000086400000|  0%| F|  |TAMS 0x0000000086300000, 0x0000000086300000| Untracked 
|  54|0x0000000086400000, 0x0000000086400000, 0x0000000086500000|  0%| F|  |TAMS 0x0000000086400000, 0x0000000086400000| Untracked 
|  55|0x0000000086500000, 0x0000000086500000, 0x0000000086600000|  0%| F|  |TAMS 0x0000000086500000, 0x0000000086500000| Untracked 
|  56|0x0000000086600000, 0x0000000086600000, 0x0000000086700000|  0%| F|  |TAMS 0x0000000086600000, 0x0000000086600000| Untracked 
|  57|0x0000000086700000, 0x0000000086700000, 0x0000000086800000|  0%| F|  |TAMS 0x0000000086700000, 0x0000000086700000| Untracked 
|  58|0x0000000086800000, 0x0000000086800000, 0x0000000086900000|  0%| F|  |TAMS 0x0000000086800000, 0x0000000086800000| Untracked 
|  59|0x0000000086900000, 0x0000000086900000, 0x0000000086a00000|  0%| F|  |TAMS 0x0000000086900000, 0x0000000086900000| Untracked 
|  60|0x0000000086a00000, 0x0000000086a00000, 0x0000000086b00000|  0%| F|  |TAMS 0x0000000086a00000, 0x0000000086a00000| Untracked 
|  61|0x0000000086b00000, 0x0000000086b00000, 0x0000000086c00000|  0%| F|  |TAMS 0x0000000086b00000, 0x0000000086b00000| Untracked 
|  62|0x0000000086c00000, 0x0000000086c00000, 0x0000000086d00000|  0%| F|  |TAMS 0x0000000086c00000, 0x0000000086c00000| Untracked 
|  63|0x0000000086d00000, 0x0000000086d00000, 0x0000000086e00000|  0%| F|  |TAMS 0x0000000086d00000, 0x0000000086d00000| Untracked 
|  64|0x0000000086e00000, 0x0000000086e00000, 0x0000000086f00000|  0%| F|  |TAMS 0x0000000086e00000, 0x0000000086e00000| Untracked 
|  65|0x0000000086f00000, 0x0000000086f00000, 0x0000000087000000|  0%| F|  |TAMS 0x0000000086f00000, 0x0000000086f00000| Untracked 
|  66|0x0000000087000000, 0x0000000087000000, 0x0000000087100000|  0%| F|  |TAMS 0x0000000087000000, 0x0000000087000000| Untracked 
|  67|0x0000000087100000, 0x0000000087100000, 0x0000000087200000|  0%| F|  |TAMS 0x0000000087100000, 0x0000000087100000| Untracked 
|  68|0x0000000087200000, 0x0000000087200000, 0x0000000087300000|  0%| F|  |TAMS 0x0000000087200000, 0x0000000087200000| Untracked 
|  69|0x0000000087300000, 0x0000000087300000, 0x0000000087400000|  0%| F|  |TAMS 0x0000000087300000, 0x0000000087300000| Untracked 
|  70|0x0000000087400000, 0x0000000087400000, 0x0000000087500000|  0%| F|  |TAMS 0x0000000087400000, 0x0000000087400000| Untracked 
|  71|0x0000000087500000, 0x0000000087500000, 0x0000000087600000|  0%| F|  |TAMS 0x0000000087500000, 0x0000000087500000| Untracked 
|  72|0x0000000087600000, 0x0000000087600000, 0x0000000087700000|  0%| F|  |TAMS 0x0000000087600000, 0x0000000087600000| Untracked 
|  73|0x0000000087700000, 0x0000000087700000, 0x0000000087800000|  0%| F|  |TAMS 0x0000000087700000, 0x0000000087700000| Untracked 
|  74|0x0000000087800000, 0x0000000087800000, 0x0000000087900000|  0%| F|  |TAMS 0x0000000087800000, 0x0000000087800000| Untracked 
|  75|0x0000000087900000, 0x0000000087900000, 0x0000000087a00000|  0%| F|  |TAMS 0x0000000087900000, 0x0000000087900000| Untracked 
|  76|0x0000000087a00000, 0x0000000087a00000, 0x0000000087b00000|  0%| F|  |TAMS 0x0000000087a00000, 0x0000000087a00000| Untracked 
|  77|0x0000000087b00000, 0x0000000087b00000, 0x0000000087c00000|  0%| F|  |TAMS 0x0000000087b00000, 0x0000000087b00000| Untracked 
|  78|0x0000000087c00000, 0x0000000087c00000, 0x0000000087d00000|  0%| F|  |TAMS 0x0000000087c00000, 0x0000000087c00000| Untracked 
|  79|0x0000000087d00000, 0x0000000087d00000, 0x0000000087e00000|  0%| F|  |TAMS 0x0000000087d00000, 0x0000000087d00000| Untracked 
|  80|0x0000000087e00000, 0x0000000087e00000, 0x0000000087f00000|  0%| F|  |TAMS 0x0000000087e00000, 0x0000000087e00000| Untracked 
|  81|0x0000000087f00000, 0x0000000087f00000, 0x0000000088000000|  0%| F|  |TAMS 0x0000000087f00000, 0x0000000087f00000| Untracked 
|  82|0x0000000088000000, 0x0000000088000000, 0x0000000088100000|  0%| F|  |TAMS 0x0000000088000000, 0x0000000088000000| Untracked 
|  83|0x0000000088100000, 0x0000000088100000, 0x0000000088200000|  0%| F|  |TAMS 0x0000000088100000, 0x0000000088100000| Untracked 
|  84|0x0000000088200000, 0x0000000088200000, 0x0000000088300000|  0%| F|  |TAMS 0x0000000088200000, 0x0000000088200000| Untracked 
|  85|0x0000000088300000, 0x0000000088300000, 0x0000000088400000|  0%| F|  |TAMS 0x0000000088300000, 0x0000000088300000| Untracked 
|  86|0x0000000088400000, 0x0000000088400000, 0x0000000088500000|  0%| F|  |TAMS 0x0000000088400000, 0x0000000088400000| Untracked 
|  87|0x0000000088500000, 0x0000000088500000, 0x0000000088600000|  0%| F|  |TAMS 0x0000000088500000, 0x0000000088500000| Untracked 
|  88|0x0000000088600000, 0x0000000088600000, 0x0000000088700000|  0%| F|  |TAMS 0x0000000088600000, 0x0000000088600000| Untracked 
|  89|0x0000000088700000, 0x0000000088700000, 0x0000000088800000|  0%| F|  |TAMS 0x0000000088700000, 0x0000000088700000| Untracked 
|  90|0x0000000088800000, 0x0000000088800000, 0x0000000088900000|  0%| F|  |TAMS 0x0000000088800000, 0x0000000088800000| Untracked 
|  91|0x0000000088900000, 0x0000000088900000, 0x0000000088a00000|  0%| F|  |TAMS 0x0000000088900000, 0x0000000088900000| Untracked 
|  92|0x0000000088a00000, 0x0000000088a00000, 0x0000000088b00000|  0%| F|  |TAMS 0x0000000088a00000, 0x0000000088a00000| Untracked 
|  93|0x0000000088b00000, 0x0000000088b00000, 0x0000000088c00000|  0%| F|  |TAMS 0x0000000088b00000, 0x0000000088b00000| Untracked 
|  94|0x0000000088c00000, 0x0000000088c00000, 0x0000000088d00000|  0%| F|  |TAMS 0x0000000088c00000, 0x0000000088c00000| Untracked 
|  95|0x0000000088d00000, 0x0000000088d00000, 0x0000000088e00000|  0%| F|  |TAMS 0x0000000088d00000, 0x0000000088d00000| Untracked 
|  96|0x0000000088e00000, 0x0000000088e00000, 0x0000000088f00000|  0%| F|  |TAMS 0x0000000088e00000, 0x0000000088e00000| Untracked 
|  97|0x0000000088f00000, 0x0000000088f00000, 0x0000000089000000|  0%| F|  |TAMS 0x0000000088f00000, 0x0000000088f00000| Untracked 
|  98|0x0000000089000000, 0x0000000089000000, 0x0000000089100000|  0%| F|  |TAMS 0x0000000089000000, 0x0000000089000000| Untracked 
|  99|0x0000000089100000, 0x0000000089100000, 0x0000000089200000|  0%| F|  |TAMS 0x0000000089100000, 0x0000000089100000| Untracked 
| 100|0x0000000089200000, 0x0000000089200000, 0x0000000089300000|  0%| F|  |TAMS 0x0000000089200000, 0x0000000089200000| Untracked 
| 101|0x0000000089300000, 0x0000000089300000, 0x0000000089400000|  0%| F|  |TAMS 0x0000000089300000, 0x0000000089300000| Untracked 
| 102|0x0000000089400000, 0x0000000089400000, 0x0000000089500000|  0%| F|  |TAMS 0x0000000089400000, 0x0000000089400000| Untracked 
| 103|0x0000000089500000, 0x0000000089500000, 0x0000000089600000|  0%| F|  |TAMS 0x0000000089500000, 0x0000000089500000| Untracked 
| 104|0x0000000089600000, 0x0000000089600000, 0x0000000089700000|  0%| F|  |TAMS 0x0000000089600000, 0x0000000089600000| Untracked 
| 105|0x0000000089700000, 0x0000000089700000, 0x0000000089800000|  0%| F|  |TAMS 0x0000000089700000, 0x0000000089700000| Untracked 
| 106|0x0000000089800000, 0x0000000089800000, 0x0000000089900000|  0%| F|  |TAMS 0x0000000089800000, 0x0000000089800000| Untracked 
| 107|0x0000000089900000, 0x0000000089900000, 0x0000000089a00000|  0%| F|  |TAMS 0x0000000089900000, 0x0000000089900000| Untracked 
| 108|0x0000000089a00000, 0x0000000089a00000, 0x0000000089b00000|  0%| F|  |TAMS 0x0000000089a00000, 0x0000000089a00000| Untracked 
| 109|0x0000000089b00000, 0x0000000089b00000, 0x0000000089c00000|  0%| F|  |TAMS 0x0000000089b00000, 0x0000000089b00000| Untracked 
| 110|0x0000000089c00000, 0x0000000089cd4bb8, 0x0000000089d00000| 83%| E|  |TAMS 0x0000000089c00000, 0x0000000089c00000| Complete 
| 111|0x0000000089d00000, 0x0000000089e00000, 0x0000000089e00000|100%| E|CS|TAMS 0x0000000089d00000, 0x0000000089d00000| Complete 
| 112|0x0000000089e00000, 0x0000000089f00000, 0x0000000089f00000|100%| E|CS|TAMS 0x0000000089e00000, 0x0000000089e00000| Complete 
| 113|0x0000000089f00000, 0x000000008a000000, 0x000000008a000000|100%| E|CS|TAMS 0x0000000089f00000, 0x0000000089f00000| Complete 
| 114|0x000000008a000000, 0x000000008a100000, 0x000000008a100000|100%| E|CS|TAMS 0x000000008a000000, 0x000000008a000000| Complete 
| 115|0x000000008a100000, 0x000000008a200000, 0x000000008a200000|100%| E|CS|TAMS 0x000000008a100000, 0x000000008a100000| Complete 
| 116|0x000000008a200000, 0x000000008a300000, 0x000000008a300000|100%| E|CS|TAMS 0x000000008a200000, 0x000000008a200000| Complete 
| 117|0x000000008a300000, 0x000000008a400000, 0x000000008a400000|100%| E|CS|TAMS 0x000000008a300000, 0x000000008a300000| Complete 
| 118|0x000000008a400000, 0x000000008a500000, 0x000000008a500000|100%| E|CS|TAMS 0x000000008a400000, 0x000000008a400000| Complete 
| 119|0x000000008a500000, 0x000000008a600000, 0x000000008a600000|100%| E|CS|TAMS 0x000000008a500000, 0x000000008a500000| Complete 
| 120|0x000000008a600000, 0x000000008a700000, 0x000000008a700000|100%| E|CS|TAMS 0x000000008a600000, 0x000000008a600000| Complete 
| 121|0x000000008a700000, 0x000000008a800000, 0x000000008a800000|100%| E|CS|TAMS 0x000000008a700000, 0x000000008a700000| Complete 
| 122|0x000000008a800000, 0x000000008a900000, 0x000000008a900000|100%| E|CS|TAMS 0x000000008a800000, 0x000000008a800000| Complete 
| 123|0x000000008a900000, 0x000000008aa00000, 0x000000008aa00000|100%| E|CS|TAMS 0x000000008a900000, 0x000000008a900000| Complete 
| 124|0x000000008aa00000, 0x000000008ab00000, 0x000000008ab00000|100%| E|CS|TAMS 0x000000008aa00000, 0x000000008aa00000| Complete 
| 125|0x000000008ab00000, 0x000000008ac00000, 0x000000008ac00000|100%| E|CS|TAMS 0x000000008ab00000, 0x000000008ab00000| Complete 

Card table byte_map: [0x0000027d9ea40000,0x0000027d9ee30000] _byte_map_base: 0x0000027d9e629000

Marking Bits (Prev, Next): (CMBitMap*) 0x0000027d8714a140, (CMBitMap*) 0x0000027d8714a180
 Prev Bits: [0x0000027d9f220000, 0x0000027da1168000)
 Next Bits: [0x0000027da1170000, 0x0000027da30b8000)

Polling page: 0x0000027d85030000

Metaspace:

Usage:
  Non-class:     13.12 MB capacity,    12.25 MB ( 93%) used,   872.76 KB (  6%) free+waste,    19.75 KB ( <1%) overhead. 
      Class:      1.99 MB capacity,     1.86 MB ( 94%) used,   120.43 KB (  6%) free+waste,     8.19 KB ( <1%) overhead. 
       Both:     15.11 MB capacity,    14.12 MB ( 93%) used,   993.19 KB (  6%) free+waste,    27.94 KB ( <1%) overhead. 

Virtual space:
  Non-class space:       14.00 MB reserved,      13.25 MB ( 95%) committed 
      Class space:        1.00 GB reserved,       2.00 MB ( <1%) committed 
             Both:        1.01 GB reserved,      15.25 MB (  1%) committed 

Chunk freelists:
   Non-Class:  2.00 KB
       Class:  10.00 KB
        Both:  12.00 KB

MaxMetaspaceSize: 17179869184.00 GB
CompressedClassSpaceSize: 1.00 GB

CodeHeap 'non-profiled nmethods': size=120000Kb used=1487Kb max_used=1487Kb free=118512Kb
 bounds [0x0000027d96df0000, 0x0000027d97060000, 0x0000027d9e320000]
CodeHeap 'profiled nmethods': size=120000Kb used=5260Kb max_used=5260Kb free=114739Kb
 bounds [0x0000027d8f8c0000, 0x0000027d8fdf0000, 0x0000027d96df0000]
CodeHeap 'non-nmethods': size=5760Kb used=1440Kb max_used=1500Kb free=4319Kb
 bounds [0x0000027d8f320000, 0x0000027d8f590000, 0x0000027d8f8c0000]
 total_blobs=3875 nmethods=3107 adapters=679
 compilation: enabled
              stopped_count=0, restarted_count=0
 full_count=0

Compilation events (20 events):
Event: 16.620 Thread 0x0000027da5b0ca40 nmethod 3095 0x0000027d96f60c10 code [0x0000027d96f60da0, 0x0000027d96f60f48]
Event: 16.620 Thread 0x0000027da5b0ca40 3096       4       java.net.URI::match (56 bytes)
Event: 16.623 Thread 0x0000027da5b0ca40 nmethod 3096 0x0000027d96f61110 code [0x0000027d96f61280, 0x0000027d96f61358]
Event: 16.623 Thread 0x0000027da5b0ca40 3101       4       com.sun.media.jfxmediaimpl.MetadataParserImpl::getNextByte (121 bytes)
Event: 16.631 Thread 0x0000027da5b19da0 3102       3       javafx.scene.Node::sceneToLocal (21 bytes)
Event: 16.633 Thread 0x0000027da5b19da0 nmethod 3102 0x0000027d8fde0190 code [0x0000027d8fde0460, 0x0000027d8fde1968]
Event: 16.633 Thread 0x0000027da5b19da0 3103       3       javafx.scene.Node::parentToLocal (15 bytes)
Event: 16.634 Thread 0x0000027da5b19da0 nmethod 3103 0x0000027d8fde1d90 code [0x0000027d8fde1f40, 0x0000027d8fde21d8]
Event: 16.634 Thread 0x0000027da5b19da0 3104       3       javafx.beans.property.ReadOnlyBooleanWrapper$ReadOnlyPropertyImpl::get (8 bytes)
Event: 16.635 Thread 0x0000027da5b19da0 nmethod 3104 0x0000027d8fde2310 code [0x0000027d8fde24c0, 0x0000027d8fde27e8]
Event: 16.639 Thread 0x0000027da5b0ca40 nmethod 3101 0x0000027d96f61410 code [0x0000027d96f615e0, 0x0000027d96f61a38]
Event: 16.639 Thread 0x0000027da5b0ca40 3105       4       javafx.scene.CssStyleHelper::getStyle (162 bytes)
Event: 16.640 Thread 0x0000027da5b19da0 3107       1       java.util.Collections$EmptyIterator::hasNext (2 bytes)
Event: 16.640 Thread 0x0000027da5b19da0 nmethod 3107 0x0000027d96f61e10 code [0x0000027d96f61fa0, 0x0000027d96f62058]
Event: 16.640 Thread 0x0000027da5b19da0 3108       3       com.sun.javafx.css.CascadingStyle::getOrigin (8 bytes)
Event: 16.641 Thread 0x0000027da5b19da0 nmethod 3108 0x0000027d8fde2910 code [0x0000027d8fde2ac0, 0x0000027d8fde2d58]
Event: 16.641 Thread 0x0000027da5b19da0 3109       3       com.sun.javafx.css.CascadingStyle::getRule (11 bytes)
Event: 16.642 Thread 0x0000027da5b19da0 nmethod 3109 0x0000027d8fde2f10 code [0x0000027d8fde30a0, 0x0000027d8fde31d8]
Event: 16.724 Thread 0x0000027da5b0ca40 nmethod 3105 0x0000027d96f62110 code [0x0000027d96f62320, 0x0000027d96f63208]
Event: 16.724 Thread 0x0000027da5b0ca40 3106       4       com.sun.javafx.css.StyleMap::getCascadingStyles (384 bytes)

GC Heap History (10 events):
Event: 1.544 GC heap before
{Heap before GC invocations=0 (full 0):
 garbage-first heap   total 129024K, used 22528K [0x0000000082e00000, 0x0000000100000000)
  region size 1024K, 23 young (23552K), 0 survivors (0K)
 Metaspace       used 4962K, capacity 7321K, committed 7552K, reserved 1056768K
  class space    used 575K, capacity 797K, committed 896K, reserved 1048576K
}
Event: 1.553 GC heap after
{Heap after GC invocations=1 (full 0):
 garbage-first heap   total 129024K, used 3572K [0x0000000082e00000, 0x0000000100000000)
  region size 1024K, 3 young (3072K), 3 survivors (3072K)
 Metaspace       used 4962K, capacity 7321K, committed 7552K, reserved 1056768K
  class space    used 575K, capacity 797K, committed 896K, reserved 1048576K
}
Event: 2.949 GC heap before
{Heap before GC invocations=1 (full 0):
 garbage-first heap   total 129024K, used 36340K [0x0000000082e00000, 0x0000000100000000)
  region size 1024K, 34 young (34816K), 3 survivors (3072K)
 Metaspace       used 12223K, capacity 13564K, committed 13696K, reserved 1060864K
  class space    used 1711K, capacity 1873K, committed 1920K, reserved 1048576K
}
Event: 2.959 GC heap after
{Heap after GC invocations=2 (full 0):
 garbage-first heap   total 129024K, used 8552K [0x0000000082e00000, 0x0000000100000000)
  region size 1024K, 4 young (4096K), 4 survivors (4096K)
 Metaspace       used 12223K, capacity 13564K, committed 13696K, reserved 1060864K
  class space    used 1711K, capacity 1873K, committed 1920K, reserved 1048576K
}
Event: 8.389 GC heap before
{Heap before GC invocations=2 (full 0):
 garbage-first heap   total 129024K, used 83304K [0x0000000082e00000, 0x0000000100000000)
  region size 1024K, 75 young (76800K), 4 survivors (4096K)
 Metaspace       used 14392K, capacity 15476K, committed 15616K, reserved 1062912K
  class space    used 1900K, capacity 2038K, committed 2048K, reserved 1048576K
}
Event: 8.394 GC heap after
{Heap after GC invocations=3 (full 0):
 garbage-first heap   total 129024K, used 12244K [0x0000000082e00000, 0x0000000100000000)
  region size 1024K, 6 young (6144K), 6 survivors (6144K)
 Metaspace       used 14392K, capacity 15476K, committed 15616K, reserved 1062912K
  class space    used 1900K, capacity 2038K, committed 2048K, reserved 1048576K
}
Event: 9.663 GC heap before
{Heap before GC invocations=3 (full 0):
 garbage-first heap   total 129024K, used 82900K [0x0000000082e00000, 0x0000000100000000)
  region size 1024K, 75 young (76800K), 6 survivors (6144K)
 Metaspace       used 14412K, capacity 15476K, committed 15616K, reserved 1062912K
  class space    used 1900K, capacity 2038K, committed 2048K, reserved 1048576K
}
Event: 9.667 GC heap after
{Heap after GC invocations=4 (full 0):
 garbage-first heap   total 129024K, used 12363K [0x0000000082e00000, 0x0000000100000000)
  region size 1024K, 6 young (6144K), 6 survivors (6144K)
 Metaspace       used 14412K, capacity 15476K, committed 15616K, reserved 1062912K
  class space    used 1900K, capacity 2038K, committed 2048K, reserved 1048576K
}
Event: 16.602 GC heap before
{Heap before GC invocations=4 (full 0):
 garbage-first heap   total 129024K, used 83019K [0x0000000082e00000, 0x0000000100000000)
  region size 1024K, 75 young (76800K), 6 survivors (6144K)
 Metaspace       used 14438K, capacity 15476K, committed 15616K, reserved 1062912K
  class space    used 1906K, capacity 2038K, committed 2048K, reserved 1048576K
}
Event: 16.613 GC heap after
{Heap after GC invocations=5 (full 0):
 garbage-first heap   total 129024K, used 12379K [0x0000000082e00000, 0x0000000100000000)
  region size 1024K, 6 young (6144K), 6 survivors (6144K)
 Metaspace       used 14438K, capacity 15476K, committed 15616K, reserved 1062912K
  class space    used 1906K, capacity 2038K, committed 2048K, reserved 1048576K
}

Deoptimization events (20 events):
Event: 6.684 Thread 0x0000027da76e6af0 DEOPT PACKING pc=0x0000027d8fbceddd sp=0x000000a80edfda80
Event: 6.684 Thread 0x0000027da76e6af0 DEOPT UNPACKING pc=0x0000027d8f36e23f sp=0x000000a80edfd218 mode 0
Event: 6.684 Thread 0x0000027da76e6af0 DEOPT PACKING pc=0x0000027d8fbceb57 sp=0x000000a80edfda80
Event: 6.684 Thread 0x0000027da76e6af0 DEOPT UNPACKING pc=0x0000027d8f36e23f sp=0x000000a80edfd218 mode 0
Event: 6.685 Thread 0x0000027da76e6af0 DEOPT PACKING pc=0x0000027d8fbceb57 sp=0x000000a80edfda80
Event: 6.685 Thread 0x0000027da76e6af0 DEOPT UNPACKING pc=0x0000027d8f36e23f sp=0x000000a80edfd218 mode 0
Event: 6.942 Thread 0x0000027da76e6af0 DEOPT PACKING pc=0x0000027d8fcf27cb sp=0x000000a80edfdcd0
Event: 6.942 Thread 0x0000027da76e6af0 DEOPT UNPACKING pc=0x0000027d8f36e23f sp=0x000000a80edfd190 mode 0
Event: 16.639 Thread 0x0000027da6e09710 Uncommon trap: trap_request=0xffffff45 fr.pc=0x0000027d96eb987c relative=0x0000000000000d1c
Event: 16.639 Thread 0x0000027da6e09710 Uncommon trap: reason=unstable_if action=reinterpret pc=0x0000027d96eb987c method=java.util.WeakHashMap.expungeStaleEntries()V @ 66 c2
Event: 16.639 Thread 0x0000027da6e09710 DEOPT PACKING pc=0x0000027d96eb987c sp=0x000000a80f0fd1a0
Event: 16.639 Thread 0x0000027da6e09710 DEOPT UNPACKING pc=0x0000027d8f36e42f sp=0x000000a80f0fd120 mode 2
Event: 16.643 Thread 0x0000027da76e6af0 Uncommon trap: trap_request=0xffffff45 fr.pc=0x0000027d96f57980 relative=0x0000000000000240
Event: 16.643 Thread 0x0000027da76e6af0 Uncommon trap: reason=unstable_if action=reinterpret pc=0x0000027d96f57980 method=com.sun.javafx.geom.transform.AffineBase.translate(DD)V @ 528 c2
Event: 16.643 Thread 0x0000027da76e6af0 DEOPT PACKING pc=0x0000027d96f57980 sp=0x000000a80edfe630
Event: 16.643 Thread 0x0000027da76e6af0 DEOPT UNPACKING pc=0x0000027d8f36e42f sp=0x000000a80edfe5b8 mode 2
Event: 16.646 Thread 0x0000027da76e6af0 Uncommon trap: trap_request=0xffffff45 fr.pc=0x0000027d96f5c2d0 relative=0x0000000000000f90
Event: 16.646 Thread 0x0000027da76e6af0 Uncommon trap: reason=unstable_if action=reinterpret pc=0x0000027d96f5c2d0 method=com.sun.javafx.sg.prism.NGNode.doRender(Lcom/sun/prism/Graphics;)V @ 24 c2
Event: 16.646 Thread 0x0000027da76e6af0 DEOPT PACKING pc=0x0000027d96f5c2d0 sp=0x000000a80edfe940
Event: 16.646 Thread 0x0000027da76e6af0 DEOPT UNPACKING pc=0x0000027d8f36e42f sp=0x000000a80edfe880 mode 2

Classes unloaded (0 events):
No events

Classes redefined (0 events):
No events

Internal exceptions (20 events):
Event: 1.204 Thread 0x0000027d87109720 Exception <a 'java/lang/NoSuchMethodError'{0x0000000089c0fea8}: 'java.lang.Object java.lang.invoke.DirectMethodHandle$Holder.newInvokeSpecial(java.lang.Object, java.lang.Object, java.lang.Object, java.lang.Object, java.lang.Object, java.lang.Object)'> (0x0000000089c0fea8) 
thrown [./open/src/hotspot/share/interpreter/linkResolver.cpp, line 782]
Event: 1.219 Thread 0x0000027d87109720 Exception <a 'java/lang/NoSuchMethodError'{0x0000000089c41998}: 'java.lang.Object java.lang.invoke.DirectMethodHandle$Holder.newInvokeSpecial(java.lang.Object, java.lang.Object, java.lang.Object, java.lang.Object, java.lang.Object)'> (0x0000000089c41998) 
thrown [./open/src/hotspot/share/interpreter/linkResolver.cpp, line 782]
Event: 1.223 Thread 0x0000027da7419950 Exception <a 'java/lang/NoSuchMethodError'{0x000000008997c178}: 'void java.lang.invoke.DirectMethodHandle$Holder.invokeStatic(java.lang.Object, java.lang.Object, java.lang.Object, java.lang.Object)'> (0x000000008997c178) 
thrown [./open/src/hotspot/share/interpreter/linkResolver.cpp, line 782]
Event: 1.319 Thread 0x0000027da6e09710 Exception <a 'java/lang/NoSuchMethodError'{0x00000000897d4aa0}: 'java.lang.Object java.lang.invoke.Invokers$Holder.invoke_MT(java.lang.Object, java.lang.Object, java.lang.Object)'> (0x00000000897d4aa0) 
thrown [./open/src/hotspot/share/interpreter/linkResolver.cpp, line 782]
Event: 1.484 Thread 0x0000027da6e09710 Implicit null exception at 0x0000027d96e3cdf4 to 0x0000027d96e3d834
Event: 1.718 Thread 0x0000027da6e09710 Exception <a 'java/lang/NoSuchMethodError'{0x000000008a8c60d8}: 'java.lang.Object java.lang.invoke.DirectMethodHandle$Holder.invokeStaticInit(java.lang.Object, java.lang.Object, java.lang.Object, java.lang.Object)'> (0x000000008a8c60d8) 
thrown [./open/src/hotspot/share/interpreter/linkResolver.cpp, line 782]
Event: 1.724 Thread 0x0000027da6e09710 Exception <a 'java/lang/NoSuchMethodError'{0x000000008a8e2ef0}: 'void java.lang.invoke.DirectMethodHandle$Holder.invokeSpecial(java.lang.Object, java.lang.Object, java.lang.Object, java.lang.Object, java.lang.Object)'> (0x000000008a8e2ef0) 
thrown [./open/src/hotspot/share/interpreter/linkResolver.cpp, line 782]
Event: 1.758 Thread 0x0000027da6e09710 Exception <a 'java/lang/NullPointerException'{0x000000008a6106f0}> (0x000000008a6106f0) 
thrown [./open/src/hotspot/share/interpreter/linkResolver.cpp, line 1374]
Event: 2.092 Thread 0x0000027da6e09710 Exception <a 'java/lang/NoSuchMethodError'{0x0000000089a4e370}: 'void java.lang.invoke.DirectMethodHandle$Holder.invokeSpecial(java.lang.Object, java.lang.Object, java.lang.Object, java.lang.Object, java.lang.Object, java.lang.Object)'> (0x0000000089a4e370) 
thrown [./open/src/hotspot/share/interpreter/linkResolver.cpp, line 782]
Event: 2.136 Thread 0x0000027da6e09710 Exception <a 'java/io/FileNotFoundException'{0x0000000089724298}> (0x0000000089724298) 
thrown [./open/src/hotspot/share/prims/jni.cpp, line 578]
Event: 2.157 Thread 0x0000027da6e09710 Implicit null exception at 0x0000027d96e62eb3 to 0x0000027d96e633ac
Event: 2.298 Thread 0x0000027da6e09710 Exception <a 'java/lang/NoSuchMethodError'{0x0000000088f7de40}: 'java.lang.Object java.lang.invoke.DirectMethodHandle$Holder.invokeInterface(java.lang.Object, java.lang.Object, java.lang.Object)'> (0x0000000088f7de40) 
thrown [./open/src/hotspot/share/interpreter/linkResolver.cpp, line 782]
Event: 2.298 Thread 0x0000027da6e09710 Exception <a 'java/lang/IncompatibleClassChangeError'{0x0000000088f819c0}: Found class java.lang.Object, but interface was expected> (0x0000000088f819c0) 
thrown [./open/src/hotspot/share/interpreter/linkResolver.cpp, line 848]
Event: 2.336 Thread 0x0000027da6e09710 Exception <a 'java/lang/NoSuchMethodError'{0x0000000088eaa158}: 'java.lang.Object java.lang.invoke.DirectMethodHandle$Holder.newInvokeSpecial(java.lang.Object, java.lang.Object, int)'> (0x0000000088eaa158) 
thrown [./open/src/hotspot/share/interpreter/linkResolver.cpp, line 782]
Event: 2.392 Thread 0x0000027da76e6af0 Exception <a 'java/lang/NoSuchMethodError'{0x0000000088d1b998}: 'int java.lang.invoke.DirectMethodHandle$Holder.invokeStaticInit(java.lang.Object, java.lang.Object)'> (0x0000000088d1b998) 
thrown [./open/src/hotspot/share/interpreter/linkResolver.cpp, line 782]
Event: 2.914 Thread 0x0000027da6e09710 Exception <a 'java/lang/NoSuchMethodError'{0x0000000088a654b0}: 'long java.lang.invoke.DirectMethodHandle$Holder.invokeStatic(java.lang.Object, java.lang.Object, java.lang.Object)'> (0x0000000088a654b0) 
thrown [./open/src/hotspot/share/interpreter/linkResolver.cpp, line 782]
Event: 2.915 Thread 0x0000027da6e09710 Exception <a 'java/lang/NoSuchMethodError'{0x0000000088a68e60}: 'long java.lang.invoke.DirectMethodHandle$Holder.invokeStaticInit(java.lang.Object, java.lang.Object, java.lang.Object)'> (0x0000000088a68e60) 
thrown [./open/src/hotspot/share/interpreter/linkResolver.cpp, line 782]
Event: 2.924 Thread 0x0000027da6e09710 Exception <a 'java/lang/NoSuchMethodError'{0x0000000088a80ec0}: 'java.lang.Object java.lang.invoke.DirectMethodHandle$Holder.newInvokeSpecial(java.lang.Object, java.lang.Object, long)'> (0x0000000088a80ec0) 
thrown [./open/src/hotspot/share/interpreter/linkResolver.cpp, line 782]
Event: 2.925 Thread 0x0000027da6e09710 Exception <a 'java/lang/NoSuchMethodError'{0x0000000088a84c30}: 'java.lang.Object java.lang.invoke.Invokers$Holder.linkToTargetMethod(java.lang.Object, long, java.lang.Object)'> (0x0000000088a84c30) 
thrown [./open/src/hotspot/share/interpreter/linkResolver.cpp, line 782]
Event: 4.163 Thread 0x0000027da6e09710 Exception <a 'java/io/FileNotFoundException'{0x000000008ab80438}> (0x000000008ab80438) 
thrown [./open/src/hotspot/share/prims/jni.cpp, line 578]

Events (20 events):
Event: 16.678 Thread 0x0000027da6971130 Thread added: 0x0000027da6971130
Event: 16.678 Thread 0x0000027da696f450 Thread exited: 0x0000027da696f450
Event: 16.678 Thread 0x0000027da6975960 Thread added: 0x0000027da6975960
Event: 16.678 Thread 0x0000027da6975960 Thread exited: 0x0000027da6975960
Event: 16.678 Thread 0x0000027da6972470 Thread added: 0x0000027da6972470
Event: 16.679 Thread 0x0000027da6972470 Thread exited: 0x0000027da6972470
Event: 16.679 Thread 0x0000027da6971fa0 Thread added: 0x0000027da6971fa0
Event: 16.679 Thread 0x0000027da6971fa0 Thread exited: 0x0000027da6971fa0
Event: 16.679 Thread 0x0000027da6974150 Thread added: 0x0000027da6974150
Event: 16.679 Thread 0x0000027da6974150 Thread exited: 0x0000027da6974150
Event: 16.679 Thread 0x0000027da6974af0 Thread added: 0x0000027da6974af0
Event: 16.679 Thread 0x0000027da6974af0 Thread exited: 0x0000027da6974af0
Event: 16.680 Thread 0x0000027da696f920 Thread added: 0x0000027da696f920
Event: 16.680 Thread 0x0000027da696f920 Thread exited: 0x0000027da696f920
Event: 16.680 Thread 0x0000027da696ef80 Thread added: 0x0000027da696ef80
Event: 16.680 Thread 0x0000027da696ef80 Thread exited: 0x0000027da696ef80
Event: 16.680 Thread 0x0000027da6975960 Thread added: 0x0000027da6975960
Event: 16.680 Thread 0x0000027da6975960 Thread exited: 0x0000027da6975960
Event: 16.680 Thread 0x0000027da69702c0 Thread added: 0x0000027da69702c0
Event: 16.680 Thread 0x0000027da69702c0 Thread exited: 0x0000027da69702c0


Dynamic libraries:
0x00007ff7084a0000 - 0x00007ff7084ad000 	C:\Users\Александра\.jdks\openjdk-15.0.1\bin\java.exe
0x00007fff14ea0000 - 0x00007fff15090000 	C:\WINDOWS\SYSTEM32\ntdll.dll
0x00007fff13f60000 - 0x00007fff14012000 	C:\WINDOWS\System32\KERNEL32.DLL
0x00007fff12c50000 - 0x00007fff12ef5000 	C:\WINDOWS\System32\KERNELBASE.dll
0x00007fff121a0000 - 0x00007fff1229a000 	C:\WINDOWS\System32\ucrtbase.dll
0x00007fff009b0000 - 0x00007fff009c9000 	C:\Users\Александра\.jdks\openjdk-15.0.1\bin\VCRUNTIME140.dll
0x00007fff03be0000 - 0x00007fff03bf8000 	C:\Users\Александра\.jdks\openjdk-15.0.1\bin\jli.dll
0x00007fff13dc0000 - 0x00007fff13f54000 	C:\WINDOWS\System32\USER32.dll
0x00007fff11f80000 - 0x00007fff11fa1000 	C:\WINDOWS\System32\win32u.dll
0x00007fff04270000 - 0x00007fff044f4000 	C:\WINDOWS\WinSxS\amd64_microsoft.windows.common-controls_6595b64144ccf1df_6.0.18362.1256_none_9e7e379be45e40e2\COMCTL32.dll
0x00007fff13ce0000 - 0x00007fff13d06000 	C:\WINDOWS\System32\GDI32.dll
0x00007fff13270000 - 0x00007fff1330e000 	C:\WINDOWS\System32\msvcrt.dll
0x00007fff11de0000 - 0x00007fff11f76000 	C:\WINDOWS\System32\gdi32full.dll
0x00007fff14af0000 - 0x00007fff14e26000 	C:\WINDOWS\System32\combase.dll
0x00007fff122a0000 - 0x00007fff1233e000 	C:\WINDOWS\System32\msvcp_win.dll
0x00007fff133c0000 - 0x00007fff134e0000 	C:\WINDOWS\System32\RPCRT4.dll
0x00007fff120c0000 - 0x00007fff12141000 	C:\WINDOWS\System32\bcryptPrimitives.dll
0x00007fff13a40000 - 0x00007fff13a6e000 	C:\WINDOWS\System32\IMM32.DLL
0x00007fff07a10000 - 0x00007fff07a1c000 	C:\Users\Александра\.jdks\openjdk-15.0.1\bin\vcruntime140_1.dll
0x00007ffed99d0000 - 0x00007ffed9a61000 	C:\Users\Александра\.jdks\openjdk-15.0.1\bin\msvcp140.dll
0x00007ffebfd40000 - 0x00007ffec089e000 	C:\Users\Александра\.jdks\openjdk-15.0.1\bin\server\jvm.dll
0x00007fff14a40000 - 0x00007fff14ae3000 	C:\WINDOWS\System32\ADVAPI32.dll
0x00007fff13a80000 - 0x00007fff13b17000 	C:\WINDOWS\System32\sechost.dll
0x00007fff139b0000 - 0x00007fff139b8000 	C:\WINDOWS\System32\PSAPI.DLL
0x00007fff039d0000 - 0x00007fff039d9000 	C:\WINDOWS\SYSTEM32\WSOCK32.dll
0x00007fff094f0000 - 0x00007fff09514000 	C:\WINDOWS\SYSTEM32\WINMM.dll
0x00007fff065c0000 - 0x00007fff065ca000 	C:\WINDOWS\SYSTEM32\VERSION.dll
0x00007fff142e0000 - 0x00007fff1434f000 	C:\WINDOWS\System32\WS2_32.dll
0x00007fff094c0000 - 0x00007fff094ed000 	C:\WINDOWS\SYSTEM32\winmmbase.dll
0x00007fff12150000 - 0x00007fff1219a000 	C:\WINDOWS\System32\cfgmgr32.dll
0x00007fff11dc0000 - 0x00007fff11dd1000 	C:\WINDOWS\System32\kernel.appcore.dll
0x00007ffef8eb0000 - 0x00007ffef8eba000 	C:\Users\Александра\.jdks\openjdk-15.0.1\bin\jimage.dll
0x00007fff0cd70000 - 0x00007fff0cf64000 	C:\WINDOWS\SYSTEM32\DBGHELP.DLL
0x00007ffefdfb0000 - 0x00007ffefdfda000 	C:\WINDOWS\SYSTEM32\dbgcore.DLL
0x00007ffee5590000 - 0x00007ffee55b5000 	C:\Users\Александра\.jdks\openjdk-15.0.1\bin\java.dll
0x00007fff14350000 - 0x00007fff14a37000 	C:\WINDOWS\System32\SHELL32.dll
0x00007fff13310000 - 0x00007fff133b9000 	C:\WINDOWS\System32\shcore.dll
0x00007fff124c0000 - 0x00007fff12c41000 	C:\WINDOWS\System32\windows.storage.dll
0x00007fff11d40000 - 0x00007fff11d63000 	C:\WINDOWS\System32\profapi.dll
0x00007fff11d70000 - 0x00007fff11dba000 	C:\WINDOWS\System32\powrprof.dll
0x00007fff11d10000 - 0x00007fff11d20000 	C:\WINDOWS\System32\UMPDC.dll
0x00007fff13060000 - 0x00007fff130b2000 	C:\WINDOWS\System32\shlwapi.dll
0x00007fff12f00000 - 0x00007fff12f17000 	C:\WINDOWS\System32\cryptsp.dll
0x00007ffee4a90000 - 0x00007ffee4aa9000 	C:\Users\Александра\.jdks\openjdk-15.0.1\bin\net.dll
0x00007fff099f0000 - 0x00007fff09ae0000 	C:\WINDOWS\SYSTEM32\WINHTTP.dll
0x00007fff11560000 - 0x00007fff115c7000 	C:\WINDOWS\system32\mswsock.dll
0x00007ffee4970000 - 0x00007ffee4982000 	C:\Users\Александра\.jdks\openjdk-15.0.1\bin\nio.dll
0x00007ffee4950000 - 0x00007ffee4968000 	C:\Users\Александра\.jdks\openjdk-15.0.1\bin\zip.dll
0x0000027d85100000 - 0x0000027d85103000 	C:\Users\Александра\.openjfx\cache\15.0.1\api-ms-win-core-console-l1-1-0.dll
0x0000027d85110000 - 0x0000027d85113000 	C:\Users\Александра\.openjfx\cache\15.0.1\api-ms-win-core-console-l1-2-0.dll
0x0000027d87000000 - 0x0000027d87003000 	C:\Users\Александра\.openjfx\cache\15.0.1\api-ms-win-core-datetime-l1-1-0.dll
0x0000027d87010000 - 0x0000027d87013000 	C:\Users\Александра\.openjfx\cache\15.0.1\api-ms-win-core-debug-l1-1-0.dll
0x0000027d87020000 - 0x0000027d87023000 	C:\Users\Александра\.openjfx\cache\15.0.1\api-ms-win-core-errorhandling-l1-1-0.dll
0x0000027d87030000 - 0x0000027d87034000 	C:\Users\Александра\.openjfx\cache\15.0.1\api-ms-win-core-file-l1-1-0.dll
0x0000027d87040000 - 0x0000027d87043000 	C:\Users\Александра\.openjfx\cache\15.0.1\api-ms-win-core-file-l1-2-0.dll
0x0000027d87050000 - 0x0000027d87053000 	C:\Users\Александра\.openjfx\cache\15.0.1\api-ms-win-core-file-l2-1-0.dll
0x0000027d87060000 - 0x0000027d87063000 	C:\Users\Александра\.openjfx\cache\15.0.1\api-ms-win-core-handle-l1-1-0.dll
0x0000027d87070000 - 0x0000027d87073000 	C:\Users\Александра\.openjfx\cache\15.0.1\api-ms-win-core-heap-l1-1-0.dll
0x0000027d87080000 - 0x0000027d87083000 	C:\Users\Александра\.openjfx\cache\15.0.1\api-ms-win-core-interlocked-l1-1-0.dll
0x0000027d87090000 - 0x0000027d87093000 	C:\Users\Александра\.openjfx\cache\15.0.1\api-ms-win-core-libraryloader-l1-1-0.dll
0x0000027d870a0000 - 0x0000027d870a3000 	C:\Users\Александра\.openjfx\cache\15.0.1\api-ms-win-core-localization-l1-2-0.dll
0x0000027d870b0000 - 0x0000027d870b3000 	C:\Users\Александра\.openjfx\cache\15.0.1\api-ms-win-core-memory-l1-1-0.dll
0x0000027d870c0000 - 0x0000027d870c3000 	C:\Users\Александра\.openjfx\cache\15.0.1\api-ms-win-core-namedpipe-l1-1-0.dll
0x0000027da7050000 - 0x0000027da7053000 	C:\Users\Александра\.openjfx\cache\15.0.1\api-ms-win-core-processenvironment-l1-1-0.dll
0x0000027da7060000 - 0x0000027da7063000 	C:\Users\Александра\.openjfx\cache\15.0.1\api-ms-win-core-processthreads-l1-1-0.dll
0x0000027da7070000 - 0x0000027da7073000 	C:\Users\Александра\.openjfx\cache\15.0.1\api-ms-win-core-processthreads-l1-1-1.dll
0x0000027da7080000 - 0x0000027da7083000 	C:\Users\Александра\.openjfx\cache\15.0.1\api-ms-win-core-profile-l1-1-0.dll
0x0000027da7090000 - 0x0000027da7093000 	C:\Users\Александра\.openjfx\cache\15.0.1\api-ms-win-core-rtlsupport-l1-1-0.dll
0x0000027da70a0000 - 0x0000027da70a3000 	C:\Users\Александра\.openjfx\cache\15.0.1\api-ms-win-core-string-l1-1-0.dll
0x0000027da70b0000 - 0x0000027da70b3000 	C:\Users\Александра\.openjfx\cache\15.0.1\api-ms-win-core-synch-l1-1-0.dll
0x0000027da70c0000 - 0x0000027da70c3000 	C:\Users\Александра\.openjfx\cache\15.0.1\api-ms-win-core-synch-l1-2-0.dll
0x0000027da70d0000 - 0x0000027da70d3000 	C:\Users\Александра\.openjfx\cache\15.0.1\api-ms-win-core-sysinfo-l1-1-0.dll
0x0000027da70e0000 - 0x0000027da70e3000 	C:\Users\Александра\.openjfx\cache\15.0.1\api-ms-win-core-timezone-l1-1-0.dll
0x0000027da70f0000 - 0x0000027da70f3000 	C:\Users\Александра\.openjfx\cache\15.0.1\api-ms-win-core-util-l1-1-0.dll
0x0000027da7100000 - 0x0000027da7103000 	C:\Users\Александра\.openjfx\cache\15.0.1\api-ms-win-crt-conio-l1-1-0.dll
0x0000027da7110000 - 0x0000027da7114000 	C:\Users\Александра\.openjfx\cache\15.0.1\api-ms-win-crt-convert-l1-1-0.dll
0x0000027da7120000 - 0x0000027da7123000 	C:\Users\Александра\.openjfx\cache\15.0.1\api-ms-win-crt-environment-l1-1-0.dll
0x0000027da7130000 - 0x0000027da7133000 	C:\Users\Александра\.openjfx\cache\15.0.1\api-ms-win-crt-filesystem-l1-1-0.dll
0x0000027da8110000 - 0x0000027da8113000 	C:\Users\Александра\.openjfx\cache\15.0.1\api-ms-win-crt-heap-l1-1-0.dll
0x0000027da8120000 - 0x0000027da8123000 	C:\Users\Александра\.openjfx\cache\15.0.1\api-ms-win-crt-locale-l1-1-0.dll
0x0000027da8130000 - 0x0000027da8135000 	C:\Users\Александра\.openjfx\cache\15.0.1\api-ms-win-crt-math-l1-1-0.dll
0x0000027da8140000 - 0x0000027da8145000 	C:\Users\Александра\.openjfx\cache\15.0.1\api-ms-win-crt-multibyte-l1-1-0.dll
0x0000027da8150000 - 0x0000027da8160000 	C:\Users\Александра\.openjfx\cache\15.0.1\api-ms-win-crt-private-l1-1-0.dll
0x0000027da8160000 - 0x0000027da8163000 	C:\Users\Александра\.openjfx\cache\15.0.1\api-ms-win-crt-process-l1-1-0.dll
0x0000027da8170000 - 0x0000027da8174000 	C:\Users\Александра\.openjfx\cache\15.0.1\api-ms-win-crt-runtime-l1-1-0.dll
0x0000027da8180000 - 0x0000027da8184000 	C:\Users\Александра\.openjfx\cache\15.0.1\api-ms-win-crt-stdio-l1-1-0.dll
0x0000027da8190000 - 0x0000027da8194000 	C:\Users\Александра\.openjfx\cache\15.0.1\api-ms-win-crt-string-l1-1-0.dll
0x0000027da81a0000 - 0x0000027da81a3000 	C:\Users\Александра\.openjfx\cache\15.0.1\api-ms-win-crt-time-l1-1-0.dll
0x0000027da81b0000 - 0x0000027da81b3000 	C:\Users\Александра\.openjfx\cache\15.0.1\api-ms-win-crt-utility-l1-1-0.dll
0x00007ffed98d0000 - 0x00007ffed99cc000 	C:\Users\Александра\.openjfx\cache\15.0.1\ucrtbase.dll
0x00007fff03c30000 - 0x00007fff03c45000 	C:\Users\Александра\.openjfx\cache\15.0.1\vcruntime140.dll
0x00007ffedae90000 - 0x00007ffedaf2b000 	C:\Users\Александра\.openjfx\cache\15.0.1\msvcp140.dll
0x00007ffef4ff0000 - 0x00007ffef5013000 	C:\Users\Александра\.openjfx\cache\15.0.1\prism_d3d.dll
0x00007fff040a0000 - 0x00007fff04267000 	C:\WINDOWS\system32\d3d9.dll
0x00007fff0d300000 - 0x00007fff0d32d000 	C:\WINDOWS\SYSTEM32\dwmapi.dll
0x00007fff10950000 - 0x00007fff10970000 	C:\WINDOWS\SYSTEM32\dxcore.dll
0x00007fff0bf00000 - 0x00007fff0bf99000 	C:\WINDOWS\system32\uxtheme.dll
0x00007ffed20d0000 - 0x00007ffed2233000 	C:\WINDOWS\System32\DriverStore\FileRepository\iigd_dch.inf_amd64_b2a136cee25b9cb8\igdumdim64.dll
0x00007ffe9f7d0000 - 0x00007ffea398f000 	C:\WINDOWS\System32\DriverStore\FileRepository\iigd_dch.inf_amd64_b2a136cee25b9cb8\igd9dxva64.dll
0x00007fff14180000 - 0x00007fff142d7000 	C:\WINDOWS\System32\ole32.dll
0x00007fff140b0000 - 0x00007fff14175000 	C:\WINDOWS\System32\OLEAUT32.dll
0x00007fff03cc0000 - 0x00007fff03e63000 	C:\WINDOWS\System32\DriverStore\FileRepository\iigd_dch.inf_amd64_b2a136cee25b9cb8\igdgmm64.dll
0x00007ffee4eb0000 - 0x00007ffee4ef5000 	C:\Users\Александра\.openjfx\cache\15.0.1\glass.dll
0x00007fff13bb0000 - 0x00007fff13c80000 	C:\WINDOWS\System32\COMDLG32.dll
0x00007fff12f20000 - 0x00007fff13055000 	C:\WINDOWS\System32\MSCTF.dll
0x00007fff00d60000 - 0x00007fff00d86000 	C:\WINDOWS\System32\DriverStore\FileRepository\iigd_dch.inf_amd64_b2a136cee25b9cb8\igdinfo64.dll
0x00007ffed2620000 - 0x00007ffed4a5d000 	C:\WINDOWS\System32\DriverStore\FileRepository\iigd_dch.inf_amd64_b2a136cee25b9cb8\igc64.dll
0x00007ffed97f0000 - 0x00007ffed988b000 	C:\Users\Александра\.openjfx\cache\15.0.1\glib-lite.dll
0x00007ffed7800000 - 0x00007ffed78e1000 	C:\Users\Александра\.openjfx\cache\15.0.1\gstreamer-lite.dll
0x00007ffed7d00000 - 0x00007ffed7d99000 	C:\WINDOWS\SYSTEM32\DSOUND.dll
0x00007ffeeb560000 - 0x00007ffeeb586000 	C:\Users\Александра\.openjfx\cache\15.0.1\jfxmedia.dll
0x00007fff00990000 - 0x00007fff009a4000 	C:\Users\Александра\.openjfx\cache\15.0.1\javafx_font.dll
0x00007ffee50d0000 - 0x00007ffee53ce000 	C:\WINDOWS\SYSTEM32\dwrite.dll
0x00007fff13d10000 - 0x00007fff13db2000 	C:\WINDOWS\System32\clbcatq.dll
0x00007fff06780000 - 0x00007fff0692f000 	C:\WINDOWS\SYSTEM32\WindowsCodecs.dll
0x00007ffefb770000 - 0x00007ffefb7aa000 	C:\WINDOWS\system32\dataexchange.dll
0x00007fff0b6b0000 - 0x00007fff0b88d000 	C:\WINDOWS\system32\dcomp.dll
0x00007fff0aff0000 - 0x00007fff0b24b000 	C:\WINDOWS\system32\d3d11.dll
0x00007fff109e0000 - 0x00007fff10acb000 	C:\WINDOWS\system32\dxgi.dll
0x00007fff0d090000 - 0x00007fff0d2f2000 	C:\WINDOWS\system32\twinapi.appcore.dll
0x00007fff0d5b0000 - 0x00007fff0d5d9000 	C:\WINDOWS\system32\RMCLIENT.dll
0x00007ffee4990000 - 0x00007ffee49c3000 	C:\Program Files\Common Files\Microsoft Shared\Ink\rtscom.dll
0x00007ffee45b0000 - 0x00007ffee464e000 	C:\WINDOWS\System32\TextInputFramework.dll
0x00007fff073a0000 - 0x00007fff076ca000 	C:\WINDOWS\System32\CoreUIComponents.dll
0x00007fff0bc00000 - 0x00007fff0bcd4000 	C:\WINDOWS\System32\CoreMessaging.dll
0x00007fff0c260000 - 0x00007fff0c3b3000 	C:\WINDOWS\SYSTEM32\wintypes.dll
0x00007fff10d50000 - 0x00007fff10d81000 	C:\WINDOWS\SYSTEM32\ntmarta.dll
0x00007ffefe860000 - 0x00007ffefeb07000 	C:\WINDOWS\System32\iertutil.dll

dbghelp: loaded successfully - version: 4.0.5 - missing functions: none
symbol engine: initialized successfully - sym options: 0x614 - pdb path: .;C:\Users\Александра\.jdks\openjdk-15.0.1\bin;C:\WINDOWS\SYSTEM32;C:\WINDOWS\WinSxS\amd64_microsoft.windows.common-controls_6595b64144ccf1df_6.0.18362.1256_none_9e7e379be45e40e2;C:\Users\Александра\.jdks\openjdk-15.0.1\bin\server;C:\Users\Александра\.openjfx\cache\15.0.1;C:\WINDOWS\System32\DriverStore\FileRepository\iigd_dch.inf_amd64_b2a136cee25b9cb8;C:\Program Files\Common Files\Microsoft Shared\Ink

VM Arguments:
jvm_args: --add-modules=javafx.controls,javafx.fxml,javafx.media --module-path=C:\Users\Александра\.gradle\caches\modules-2\files-2.1\org.openjfx\javafx-fxml\15.0.1\5c36ae238f6d0d5782febed0af9a26defa7c0182\javafx-fxml-15.0.1-win.jar;C:\Users\Александра\.gradle\caches\modules-2\files-2.1\org.openjfx\javafx-media\15.0.1\6c5a6c684173baba1253798c8846234dbd3b0c6f\javafx-media-15.0.1-win.jar;C:\Users\Александра\.gradle\caches\modules-2\files-2.1\org.openjfx\javafx-controls\15.0.1\4df40eb93a7afd9ed3d7ccfee2701e9cb2215155\javafx-controls-15.0.1-win.jar;C:\Users\Александра\.gradle\caches\modules-2\files-2.1\org.openjfx\javafx-graphics\15.0.1\604e26ca8730f8d996b5c203532f85f4b62894fb\javafx-graphics-15.0.1-win.jar;C:\Users\Александра\.gradle\caches\modules-2\files-2.1\org.openjfx\javafx-base\15.0.1\49cf29d155e98c749fdeb517a97f79c6a9e8cb6a\javafx-base-15.0.1-win.jar -Dfile.encoding=windows-1251 -Duser.country=RU -Duser.language=ru -Duser.variant 
java_command: ru.volushkova.ugaday.GuessApplication
java_class_path (initial): C:\ugaday\guessmelodyne\build\classes\java\main;C:\ugaday\guessmelodyne\build\resources\main;C:\Users\Александра\.gradle\caches\modules-2\files-2.1\org.openjfx\javafx-fxml\15.0.1\5c36ae238f6d0d5782febed0af9a26defa7c0182\javafx-fxml-15.0.1-win.jar;C:\Users\Александра\.gradle\caches\modules-2\files-2.1\org.openjfx\javafx-media\15.0.1\6c5a6c684173baba1253798c8846234dbd3b0c6f\javafx-media-15.0.1-win.jar;C:\Users\Александра\.gradle\caches\modules-2\files-2.1\org.openjfx\javafx-controls\15.0.1\4df40eb93a7afd9ed3d7ccfee2701e9cb2215155\javafx-controls-15.0.1-win.jar;C:\Users\Александра\.gradle\caches\modules-2\files-2.1\org.openjfx\javafx-controls\15.0.1\7e951231ff36d704e8cc8b112b71951c9ccbc15d\javafx-controls-15.0.1.jar;C:\Users\Александра\.gradle\caches\modules-2\files-2.1\org.openjfx\javafx-graphics\15.0.1\604e26ca8730f8d996b5c203532f85f4b62894fb\javafx-graphics-15.0.1-win.jar;C:\Users\Александра\.gradle\caches\modules-2\files-2.1\org.openjfx\javafx-graphics\15.0.1\55565f47d9d4e295f8bdeb8a6577e29b8bc29267\javafx-graphics-15.0.1.jar;C:\Users\Александра\.gradle\caches\modules-2\files-2.1\org.openjfx\javafx-base\15.0.1\49cf29d155e98c749fdeb517a97f79c6a9e8cb6a\javafx-base-15.0.1-win.jar;C:\Users\Александра\.gradle\caches\modules-2\files-2.1\org.openjfx\javafx-base\15.0.1\88d5d4ad546e17904516fd05be69243e54144af4\javafx-base-15.0.1.jar;C:\Users\Александра\.gradle\caches\modules-2\files-2.1\org.projectlombok\lombok\1.18.16\6dc192c7f93ec1853f70d59d8a6dcf94eb42866\lombok-1.18.16.jar
Launcher Type: SUN_STANDARD

[Global flags]
     intx CICompilerCount                          = 4                                         {product} {ergonomic}
     uint ConcGCThreads                            = 2                                         {product} {ergonomic}
     uint G1ConcRefinementThreads                  = 8                                         {product} {ergonomic}
   size_t G1HeapRegionSize                         = 1048576                                   {product} {ergonomic}
    uintx GCDrainStackTargetSize                   = 64                                        {product} {ergonomic}
   size_t InitialHeapSize                          = 132120576                                 {product} {ergonomic}
   size_t MarkStackSize                            = 4194304                                   {product} {ergonomic}
   size_t MaxHeapSize                              = 2099249152                                {product} {ergonomic}
   size_t MaxNewSize                               = 1259339776                                {product} {ergonomic}
   size_t MinHeapDeltaBytes                        = 1048576                                   {product} {ergonomic}
   size_t MinHeapSize                              = 8388608                                   {product} {ergonomic}
    uintx NonNMethodCodeHeapSize                   = 5839372                                {pd product} {ergonomic}
    uintx NonProfiledCodeHeapSize                  = 122909434                              {pd product} {ergonomic}
    uintx ProfiledCodeHeapSize                     = 122909434                              {pd product} {ergonomic}
    uintx ReservedCodeCacheSize                    = 251658240                              {pd product} {ergonomic}
     bool SegmentedCodeCache                       = true                                      {product} {ergonomic}
   size_t SoftMaxHeapSize                          = 2099249152                             {manageable} {ergonomic}
     bool UseCompressedClassPointers               = true                                 {lp64_product} {ergonomic}
     bool UseCompressedOops                        = true                                 {lp64_product} {ergonomic}
     bool UseG1GC                                  = true                                      {product} {ergonomic}
     bool UseLargePagesIndividualAllocation        = false                                  {pd product} {ergonomic}

Logging:
Log output configuration:
 #0: stdout all=warning uptime,level,tags
 #1: stderr all=off uptime,level,tags

Environment Variables:
PATH=C:\Windows\system32;C:\Windows;C:\Windows\System32\Wbem;C:\Windows\System32\WindowsPowerShell\v1.0\;C:\Windows\System32\OpenSSH\;C:\Program Files (x86)\NVIDIA Corporation\PhysX\Common;C:\Program Files\NVIDIA Corporation\NVIDIA NvDLISR;C:\Program Files\Intel\WiFi\bin\;C:\Program Files\Common Files\Intel\WirelessCommon\;C:\WINDOWS\system32;C:\WINDOWS;C:\WINDOWS\System32\Wbem;C:\WINDOWS\System32\WindowsPowerShell\v1.0\;C:\WINDOWS\System32\OpenSSH\;C:\Program Files\Git\cmd;C:\Program Files\TortoiseGit\bin;C:\Users\Александра\AppData\Local\Microsoft\WindowsApps;
USERNAME=Александра
OS=Windows_NT
PROCESSOR_IDENTIFIER=Intel64 Family 6 Model 142 Stepping 11, GenuineIntel



---------------  S Y S T E M  ---------------

OS:
 Windows 10 , 64 bit Build 18362 (10.0.18362.1110)
OS uptime: 7 days 2:10 hours

CPU: total 8 (initial active 8) (4 cores per cpu, 2 threads per core) family 6 model 142 stepping 11 microcode 0xb8, cmov, cx8, fxsr, mmx, sse, sse2, sse3, ssse3, sse4.1, sse4.2, popcnt, vzeroupper, avx, avx2, aes, clmul, erms, 3dnowpref, lzcnt, ht, tsc, tscinvbit, bmi1, bmi2, adx, fma, clflush, clflushopt

Memory: 4k page, system-wide physical 8006M (478M free)
TotalPageFile size 32582M (AvailPageFile size 41M)
current process WorkingSet (physical memory assigned to process): 199M, peak: 210M
current process commit charge ("private bytes"): 311M, peak: 320M

vm_info: OpenJDK 64-Bit Server VM (15.0.1+9-18) for windows-amd64 JRE (15.0.1+9-18), built on Sep 15 2020 14:39:31 by "mach5one" with unknown MS VC++:1925

END.
